___$TOKENIZED___
Hannover	n----s	Hannover
er	sfg3en	vera
mjög	aa	mjög
vinsæl	lvensf	vinsæll
á	af	á
þessum	fakeþ	þessi
tíma	nkeþ	tími
.	pl	.
___$SENTENCE_BREAK___
Utrecht	n----s	Utrecht
er	sfg3en	vera
mjög	aa	mjög
vinsæl	lvensf	vinsæll
á	af	á
þessum	fakeþ	þessi
tíma	nkeþ	tími
.	pl	.
___$SENTENCE_BREAK___
Marsvika	nven	marsvika
er	sfg3en	vera
mjög	aa	mjög
vinsæl	lvensf	vinsæll
á	af	á
þessum	fakeþ	þessi
tíma	nkeþ	tími
.	pl	.
___$SENTENCE_BREAK___
Hannover	n----s	Hannover
er	sfg3en	vera
mjög	aa	mjög
vinsæl	lvensf	vinsæll
á	af	á
þessum	fakeþ	þessi
tíma	nkeþ	tími
.	pl	.
___$SENTENCE_BREAK___
Aalborg	n----s	Aalborg
er	sfg3en	vera
mjög	aa	mjög
vinsæl	lvensf	vinsæll
á	af	á
þessum	fakeþ	þessi
tíma	nkeþ	tími
.	pl	.
___$SENTENCE_BREAK___
Flateyjar	nvee-s	Flatey
er	sfg3en	vera
mjög	aa	mjög
vinsælt	lhensf	vinsæll
þessa	fakfo	þessi
dagana	nkfog	dagur
.	pl	.
___$SENTENCE_BREAK___
Eyjan	nveng	eyja
er	sfg3en	vera
mjög	aa	mjög
falleg	lvensf	fallegur
á	af	á
þessum	fakeþ	þessi
tíma	nkeþ	tími
.	pl	.
___$SENTENCE_BREAK___
Jótland	nhen-s	Jótland
er	sfg3en	vera
sérstaklega	aa	sérstaklega
flott	lhensf	flottur
á	af	á
þessum	fakeþ	þessi
tíma	nkeþ	tími
.	pl	.
___$SENTENCE_BREAK___
Kristiansund	nhen-s	Kristiansund
er	sfg3en	vera
mjög	aa	mjög
vinsælt	lhensf	vinsæll
á	af	á
þessum	fakfþ	þessi
___$SENTENCE_BREAK___
Stockholm	n----s	Stockholm
er	sfg3en	vera
falleg	lvensf	fallegur
á	af	á
þessum	fakeþ	þessi
tíma	nkeþ	tími
.	pl	.
___$SENTENCE_BREAK___
Gothenburg	n----s	Gothenburg
er	sfg3en	vera
falleg	lvensf	fallegur
á	af	á
þessum	fakeþ	þessi
tíma	nkeþ	tími
.	pl	.
___$SENTENCE_BREAK___
Hulda	nven-s	Hulda
var	sfg3eþ	vera
mjög	aa	mjög
fræg	lvensf	frægur
á	af	á
þessum	fakeþ	þessi
tíma	nkeþ	tími
___$SENTENCE_BREAK___
Trondheim	n----s	Trondheim
er	sfg3en	vera
mjög	aa	mjög
vinsæl	lvensf	vinsæll
á	af	á
þessum	fakeþ	þessi
tíma	nkeþ	tími
.	pl	.
___$SENTENCE_BREAK___
Ålesund	n----s	Ålesund
er	sfg3en	vera
mjög	aa	mjög
frítt	lhensf	frír
á	af	á
þessum	fakeþ	þessi
tíma	nkeþ	tími
.	pl	.
___$SENTENCE_BREAK___
Svalbarður	nken-s	Svalbarður
er	sfg3en	vera
sérstaklega	aa	sérstaklega
falleg	x	falleg
á	af	á
þessum	fakfþ	þessi
tímum	nkfþ	tími
.	pl	.
___$SENTENCE_BREAK___
Hann	fpken	hann
er	sfg3en	vera
mjög	aa	mjög
vinsæll	lkensf	vinsæll
þessa	fakfo	þessi
daga	nkfo	dagur
.	pl	.
___$SENTENCE_BREAK___
Ísland	nhen-s	Ísland
er	sfg3en	vera
sérstaklega	aa	sérstaklega
fallegt	lhensf	fallegur
á	af	á
þessum	fakeþ	þessi
tíma	nkeþ	tími
___$SENTENCE_BREAK___
Christiansø	n----s	Christiansø
er	sfg3en	vera
mjög	aa	mjög
frítt	lhensf	frír
á	af	á
þessum	fakeþ	þessi
tíma	nkeþ	tími
.	pl	.
___$SENTENCE_BREAK___
Glasgow	n----s	Glasgow
er	sfg3en	vera
mjög	aa	mjög
vinsæl	lvensf	vinsæll
á	af	á
þessum	fakeþ	þessi
tíma	nkeþ	tími
.	pl	.
___$SENTENCE_BREAK___
Róm	nven-s	Róm
er	sfg3en	vera
mjög	aa	mjög
falleg	lvensf	fallegur
á	af	á
þessum	fakeþ	þessi
tíma	nkeþ	tími
.	pl	.
___$SENTENCE_BREAK___
Hún	fpven	hún
er	sfg3en	vera
mjög	aa	mjög
vinsæl	lvensf	vinsæll
á	af	á
þessum	fakeþ	þessi
tíma	nkeþ	tími
.	pl	.
___$SENTENCE_BREAK___
München	n----s	München
er	sfg3en	vera
vinsæl	lvensf	vinsæll
fríhöfn	nven	fríhöfn
þessa	fakfo	þessi
dagana	nkfog	dagur
.	pl	.
___$SENTENCE_BREAK___
Nürnberg	n----s	Nürnberg
er	sfg3en	vera
sérstaklega	aa	sérstaklega
flott	lhensf	flottur
á	af	á
þessum	fakeþ	þessi
tíma	nkeþ	tími
.	pl	.
___$SENTENCE_BREAK___
Köln	nven-s	Köln
er	sfg3en	vera
falleg	lvensf	fallegur
á	af	á
þessum	fakeþ	þessi
tíma	nkeþ	tími
.	pl	.
___$SENTENCE_BREAK___
Haag	n----s	Haag
er	sfg3en	vera
mjög	aa	mjög
frítt	lhensf	frír
á	af	á
þessum	fakeþ	þessi
tíma	nkeþ	tími
.	pl	.
___$SENTENCE_BREAK___
Prag	nven-s	Prag
er	sfg3en	vera
falleg	lvensf	fallegur
á	af	á
þessum	fakeþ	þessi
tíma	nkeþ	tími
.	pl	.
___$SENTENCE_BREAK___
Varsjá	nven-s	Varsjá
er	sfg3en	vera
mjög	aa	mjög
frí	lvensf	frír
á	af	á
þessum	fakeþ	þessi
tíma	nkeþ	tími
___$SENTENCE_BREAK___
Hann	fpken	hann
er	sfg3en	vera
mjög	aa	mjög
vinsæll	lkensf	vinsæll
þessa	fakfo	þessi
daga	nkfo	dagur
.	pl	.
___$SENTENCE_BREAK___
Lissabon	n----s	Lissabon
er	sfg3en	vera
mjög	aa	mjög
falleg	lvensf	fallegur
á	af	á
þessum	fakeþ	þessi
tíma	nkeþ	tími
.	pl	.
___$SENTENCE_BREAK___
Sevilla	n----s	Sevilla
er	sfg3en	vera
mjög	aa	mjög
vinsæl	lvensf	vinsæll
á	af	á
þessum	fakeþ	þessi
tíma	nkeþ	tími
.	pl	.
___$SENTENCE_BREAK___
Moskva	nven-s	Moskva
er	sfg3en	vera
mjög	aa	mjög
frísk	lvensf	frískur
á	af	á
þessum	fakeþ	þessi
tíma	nkeþ	tími
.	pl	.
___$SENTENCE_BREAK___
Pétursborg	nven-s	Pétursborg
var	sfg3eþ	vera
mjög	aa	mjög
mikilvæg	lvensf	mikilvægur
á	af	á
þessum	fakeþ	þessi
tíma	nkeþ	tími
.	pl	.
___$SENTENCE_BREAK___
Barcelona	n----s	Barcelona
er	sfg3en	vera
mjög	aa	mjög
vinsæl	lvensf	vinsæll
á	af	á
þessum	fakeþ	þessi
tíma	nkeþ	tími
.	pl	.
___$SENTENCE_BREAK___
Amsterdam	n-en-s	Amsterdam
er	sfg3en	vera
mjög	aa	mjög
vinsæl	lvensf	vinsæll
á	af	á
þessum	fakeþ	þessi
tíma	nkeþ	tími
.	pl	.
___$SENTENCE_BREAK___
Milan	n----s	Milan
er	sfg3en	vera
mjög	aa	mjög
vinsæl	lvensf	vinsæll
á	af	á
þessum	fakeþ	þessi
tíma	nkeþ	tími
.	pl	.
___$SENTENCE_BREAK___
Norvegía	nven-s	Norvegía
er	sfg3en	vera
mjög	aa	mjög
vinsæll	lkensf	vinsæll
liður	nken	liður
þessa	fahee	þessi
___$SENTENCE_BREAK___
Florence	n----s	Florence
er	sfg3en	vera
mjög	aa	mjög
vinsæl	lvensf	vinsæll
á	af	á
þessum	fakeþ	þessi
tíma	nkeþ	tími
.	pl	.
___$SENTENCE_BREAK___
Sikiley	n----s	Sikiley
er	sfg3en	vera
mjög	aa	mjög
söm	lvensf	samur
á	af	á
þessum	fakfþ	þessi
___$SENTENCE_BREAK___
Flórída	nhen-s	Flórída
er	sfg3en	vera
mjög	aa	mjög
vinsæl	lvensf	vinsæll
á	af	á
þessum	fakeþ	þessi
tíma	nkeþ	tími
.	pl	.
___$SENTENCE_BREAK___
Turin	n----s	Turin
er	sfg3en	vera
mjög	aa	mjög
vinsæl	lvensf	vinsæll
þessa	fakfo	þessi
dagana	nkfog	dagur
.	pl	.
___$SENTENCE_BREAK___
Toskana	n----s	Toskana
er	sfg3en	vera
mjög	aa	mjög
söm	lvensf	samur
á	af	á
___$SENTENCE_BREAK___
Borgin	nveng	borg
er	sfg3en	vera
allmikil	lvensf	allmikill
á	af	á
þessum	fakeþ	þessi
tíma	nkeþ	tími
.	pl	.
___$SENTENCE_BREAK___
Köln	nven-s	Köln
er	sfg3en	vera
mjög	aa	mjög
vinsæl	lvensf	vinsæll
á	af	á
þessum	fakeþ	þessi
tíma	nkeþ	tími
.	pl	.
___$SENTENCE_BREAK___
Verbúð	nven	verbúð
er	sfg3en	vera
mjög	aa	mjög
vinsæl	lvensf	vinsæll
þessa	fakfo	þessi
dagana	nkfog	dagur
.	pl	.
___$SENTENCE_BREAK___
Bæjaraland	nhen-s	Bæjaraland
er	sfg3en	vera
sterkt	lhensf	sterkur
á	af	á
þessum	fakeþ	þessi
tíma	nkeþ	tími
___$SENTENCE_BREAK___
Kalifornia	n----s	Kalifornia
er	sfg3en	vera
mjög	aa	mjög
vinsæl	lvensf	vinsæll
á	af	á
þessum	fakeþ	þessi
tíma	nkeþ	tími
.	pl	.
___$SENTENCE_BREAK___
Borgin	nveng	borg
er	sfg3en	vera
vinsæl	x	vinsæl
frístaður	nken	frístaður
þessa	fahee	þessi
árs	nhee	ár
___$SENTENCE_BREAK___
Prag	nven-s	Prag
er	sfg3en	vera
mjög	aa	mjög
falleg	lvensf	fallegur
á	af	á
þessum	fakeþ	þessi
tíma	nkeþ	tími
.	pl	.
___$SENTENCE_BREAK___
New	n----s	New
Delhi	n----s	Delhi
er	sfg3en	vera
mjög	aa	mjög
frítt	lhensf	frír
á	af	á
þessum	fakeþ	þessi
tíma	nkeþ	tími
.	pl	.
___$SENTENCE_BREAK___
Eyjan	nveng	eyja
er	sfg3en	vera
nokkuð	fohen	nokkur
friðsæl	lvensf	friðsæll
á	af	á
þessum	fakeþ	þessi
tíma	nkeþ	tími
___$SENTENCE_BREAK___
Flugi	nheþ	flug
til	af	til
Íslands	nhee-s	Ísland
var	sfg3eþ	vera
frestað	sþghen	fresta
til	af	til
eftirmiðdags	nkee	eftirmiðdagur
.	pl	.
___$SENTENCE_BREAK___
Flugi	nheþ	flug
frá	af	frá
Reykjavík	nveþ-s	Reykjavík
til	af	til
Frankfurt	n----s	Frankfurt
var	sfg3eþ	vera
frestað	sþghen	fresta
til	af	til
morguns	nkee	morgunn
.	pl	.
___$SENTENCE_BREAK___
Flugi	nheþ	flug
frá	af	frá
London	n----s	London
til	af	til
Frankfurt	n----s	Frankfurt
var	sfg3eþ	vera
frestað	sþghen	fresta
um	af	um
kvöldið	nheog	kvöld
___$SENTENCE_BREAK___
Flugi	nheþ	flug
frá	af	frá
London	n----s	London
til	af	til
Róm	nvee-s	Róm
var	sfg3eþ	vera
frestað	sþghen	fresta
til	af	til
morguns	nkee	morgunn
___$SENTENCE_BREAK___
Flugi	nheþ	flug
frá	af	frá
Havana	n----s	Havana
til	af	til
Kaíró	n----s	Kaíró
var	sfg3eþ	vera
___$SENTENCE_BREAK___
Flugi	nheþ	flug
frá	af	frá
Cairo	n----s	Cairo
til	af	til
Toskana	n----s	Toskana
___$SENTENCE_BREAK___
Flugi	nheþ	flug
til	af	til
Reykjavíkur	nvee-s	Reykjavík
var	sfg3eþ	vera
frestað	sþghen	fresta
um	af	um
morguninn	nkeog	morgunn
___$SENTENCE_BREAK___
Flugi	nheþ	flug
frá	af	frá
Reykjavík	nveþ-s	Reykjavík
til	af	til
Tromsø	n----s	Tromsø
var	sfg3eþ	vera
frestað	sþghen	fresta
um	af	um
___$SENTENCE_BREAK___
Flugi	nheþ	flug
frá	af	frá
München	n----s	München
til	af	til
Vatíkansins	nheegs	Vatíkan
var	sfg3eþ	vera
frestað	sþghen	fresta
___$SENTENCE_BREAK___
Flugi	nheþ	flug
frá	af	frá
Vatican	n----s	Vatican
til	af	til
München	n----s	München
var	sfg3eþ	vera
frestað	sþghen	fresta
til	af	til
morguns	nkee	morgunn
.	pl	.
___$SENTENCE_BREAK___
Flugi	nheþ	flug
frá	af	frá
London	n----s	London
til	af	til
Spánar	nkee-s	Spánn
var	sfg3eþ	vera
frestað	sþghen	fresta
___$SENTENCE_BREAK___
Flugi	nheþ	flug
til	af	til
Kaupmannahafnar	nvee-s	Kaupmannahöfn
var	sfg3eþ	vera
frestað	sþghen	fresta
___$SENTENCE_BREAK___
Flugi	nheþ	flug
frá	af	frá
London	n----s	London
til	af	til
Belgrad	n----s	Belgrad
var	sfg3eþ	vera
frestað	sþghen	fresta
um	af	um
morgni	nkeþ	morgunn
___$SENTENCE_BREAK___
Flugi	nheþ	flug
frá	af	frá
Funen	n----s	Funen
til	af	til
Belgrad	n----s	Belgrad
var	sfg3eþ	vera
frestað	sþghen	fresta
til	af	til
morguns	nkee	morgunn
.	pl	.
___$SENTENCE_BREAK___
Flugi	nheþ	flug
frá	af	frá
Reykjavík	nveþ-s	Reykjavík
til	af	til
Brussel	n----s	Brussel
var	sfg3eþ	vera
frestað	sþghen	fresta
um	af	um
kvöldið	nheog	kvöld
.	pl	.
___$SENTENCE_BREAK___
Flugi	nheþ	flug
frá	af	frá
Brussel	n----s	Brussel
til	af	til
Southampton	n----s	Southampton
var	sfg3eþ	vera
frestað	sþghen	fresta
um	af	um
kvöldið	nheog	kvöld
.	pl	.
___$SENTENCE_BREAK___
Flugi	nheþ	flug
frá	af	frá
Keflavík	nveþ-s	Keflavík
til	af	til
flugvelli	nkee	flugvelli
var	sfg3eþ	vera
frestað	sþghen	fresta
til	af	til
___$SENTENCE_BREAK___
Flugi	nheþ	flug
frá	af	frá
flugvelli	nkeþ	flugvöllur
til	af	til
Malmö	n----s	Malmö
var	sfg3eþ	vera
frestað	sþghen	fresta
til	aa	til
___$SENTENCE_BREAK___
Flugi	nheþ	flug
frá	af	frá
Haag	n----s	Haag
til	af	til
Sikileyjar	nvee-s	Sikiley
var	sfg3eþ	vera
___$SENTENCE_BREAK___
Flugi	nheþ	flug
frá	af	frá
Sikiley	n----s	Sikiley
til	af	til
Haag	n----s	Haag
var	sfg3eþ	vera
___$SENTENCE_BREAK___
Flugi	nheþ	flug
frá	af	frá
Svalbarða	nkeþ-s	Svalbarði
til	af	til
New	n----s	New
Delhi	n----s	Delhi
___$SENTENCE_BREAK___
Flugi	nheþ	flug
frá	af	frá
New	n----s	New
Delhi	n----s	Delhi
til	af	til
Svalbarða	nkee-s	Svalbarði
___$SENTENCE_BREAK___
Flugi	nheþ	flug
frá	af	frá
flugvelli	nkeþ	flugvöllur
til	af	til
Íslands	nhee-s	Ísland
var	sfg3eþ	vera
fre	e	fre
___$SENTENCE_BREAK___
Flugi	nheþ	flug
til	af	til
Íslands	nhee-s	Ísland
var	sfg3eþ	vera
frestað	sþghen	fresta
til	af	til
mið	nhfe	mið
___$SENTENCE_BREAK___
Flugi	nheþ	flug
frá	af	frá
flugvelli	nkeþ	flugvöllur
til	af	til
London	n----s	London
var	sfg3eþ	vera
frestað	sþghen	fresta
um	af	um
morguninn	nkeog	morgunn
.	pl	.
___$SENTENCE_BREAK___
Flugi	nheþ	flug
frá	af	frá
London	n----s	London
til	af	til
Spánar	nkee-s	Spánn
var	sfg3eþ	vera
frestað	sþghen	fresta
um	af	um
morguninn	nkeog	morgunn
.	pl	.
___$SENTENCE_BREAK___
Flugi	nheþ	flug
til	af	til
flugvelli	nkfe	flugvelli
var	sfg3eþ	vera
frestað	sþghen	fresta
til	af	til
morguns	nkee	morgunn
.	pl	.
___$SENTENCE_BREAK___
Flugi	nheþ	flug
til	af	til
flugvelli	nkfe	flugvelli
var	sfg3eþ	vera
frestað	sþghen	fresta
til	af	til
eftirmiðdags	nkee	eftirmiðdagur
.	pl	.
___$SENTENCE_BREAK___
Flugi	nheþ	flug
til	af	til
Þýskalands	nhee-s	Þýskaland
var	sfg3eþ	vera
frestað	sþghen	fresta
til	af	til
morguns	nkee	morgunn
___$SENTENCE_BREAK___
Flugi	nheþ	flug
til	af	til
Danmerkur	nvee-s	Danmörk
var	sfg3eþ	vera
frestað	sþghen	fresta
til	af	til
morgun	nkee	morgun
___$SENTENCE_BREAK___
Flugi	nheþ	flug
frá	af	frá
Brussel	n----s	Brussel
til	af	til
London	n----s	London
var	sfg3eþ	vera
frestað	sþghen	fresta
um	af	um
morguninn	nkeog	morgunn
___$SENTENCE_BREAK___
Flugi	nheþ	flug
frá	af	frá
London	n----s	London
til	af	til
München	n----s	München
var	sfg3eþ	vera
frestað	sþghen	fresta
til	af	til
morguns	nkee	morgunn
___$SENTENCE_BREAK___
Flugi	nheþ	flug
frá	af	frá
Genf	n----s	Genf
til	af	til
Osló	nvee-s	Osló
var	sfg3eþ	vera
frestað	sþghen	fresta
til	af	til
morguns	nkee	morgunn
.	pl	.
___$SENTENCE_BREAK___
Flugi	nheþ	flug
frá	af	frá
Akureyri	nveþ-s	Akureyri
til	aa	til
til	af	til
Glasgow	n----s	Glasgow
var	sfg3eþ	vera
frestað	sþghen	fresta
til	af	til
morguns	nkee	morgunn
.	pl	.
___$SENTENCE_BREAK___
Flugi	nheþ	flug
til	af	til
Spánar	nkee-s	Spánn
var	sfg3eþ	vera
frestað	sþghen	fresta
til	af	til
morguns	nkee	morgunn
.	pl	.
___$SENTENCE_BREAK___
Flugi	nheþ	flug
frá	af	frá
flugvelli	nkeþ	flugvöllur
til	af	til
Íslands	nhee-s	Ísland
var	sfg3eþ	vera
frestað	sþghen	fresta
til	af	til
morguns	nkee	morgunn
.	pl	.
___$SENTENCE_BREAK___
Flugi	nheþ	flug
til	af	til
Berlínar	nvee-s	Berlín
var	sfg3eþ	vera
frestaðð	sþghen	frestað
um	af	um
kvöldið	nheog	kvöld
.	pl	.
___$SENTENCE_BREAK___
Flugi	nheþ	flug
frá	af	frá
Reykjavík	nveþ-s	Reykjavík
til	af	til
Grænlands	nhee-s	Grænland
var	sfg3eþ	vera
frestað	sþghen	fresta
um	af	um
kvöldið	nheog	kvöld
.	pl	.
___$SENTENCE_BREAK___
Flugi	nheþ	flug
frá	af	frá
Reykjavík	nveþ-s	Reykjavík
til	af	til
Dublin	n----s	Dublin
var	sfg3eþ	vera
frestað	sþghen	fresta
um	af	um
kvöldið	nheog	kvöld
___$SENTENCE_BREAK___
Flugi	nheþ	flug
frá	af	frá
Reykjavík	nveþ-s	Reykjavík
til	af	til
Prag	nvee-s	Prag
var	sfg3eþ	vera
frestað	sþghen	fresta
til	af	til
morguns	nkee	morgunn
___$SENTENCE_BREAK___
Flugi	nheþ	flug
frá	af	frá
Nürnberg	n----s	Nürnberg
til	af	til
Varsjár	nvee-s	Varsjá
var	sfg3eþ	vera
___$SENTENCE_BREAK___
Flugi	nheþ	flug
frá	af	frá
Varsjá	nveþ-s	Varsjá
til	af	til
Nürnberg	n----s	Nürnberg
var	sfg3eþ	vera
___$SENTENCE_BREAK___
Flugi	nheþ	flug
frá	af	frá
London	n----s	London
til	af	til
Kalmar	n----s	Kalmar
var	sfg3eþ	vera
frestað	sþghen	fresta
til	af	til
morguns	nkee	morgunn
.	pl	.
___$SENTENCE_BREAK___
Flugi	nheþ	flug
frá	af	frá
Reykjavík	nveþ-s	Reykjavík
til	af	til
Tromsø	n----s	Tromsø
var	sfg3eþ	vera
frestað	sþghen	fresta
til	af	til
morguns	nkee	morgunn
.	pl	.
___$SENTENCE_BREAK___
Flugi	nheþ	flug
frá	af	frá
Reykjavík	nveþ-s	Reykjavík
til	af	til
Malmö	n----s	Malmö
var	sfg3eþ	vera
frestað	sþghen	fresta
um	af	um
kvöldið	nheog	kvöld
.	pl	.
___$SENTENCE_BREAK___
Flugi	nheþ	flug
frá	af	frá
Reykjavík	nveþ-s	Reykjavík
til	af	til
Malmö	n----s	Malmö
var	sfg3eþ	vera
frestað	sþghen	fresta
um	af	um
kvöldið	nheog	kvöld
.	pl	.
___$SENTENCE_BREAK___
Flugi	nheþ	flug
til	af	til
Hafnar	nvee-s	Höfn
var	sfg3eþ	vera
frestað	sþghen	fresta
um	af	um
kvöldið	nheog	kvöld
.	pl	.
___$SENTENCE_BREAK___
Flugi	nheþ	flug
frá	af	frá
flugvelli	nkeþ	flugvöllur
til	af	til
Reykjavíkur	nvee-s	Reykjavík
var	sfg3eþ	vera
frestað	sþghen	fresta
___$SENTENCE_BREAK___
Flugi	nheþ	flug
til	af	til
Grænlands	nhee-s	Grænland
var	sfg3eþ	vera
frestað	sþghen	fresta
um	af	um
kvöldið	nheog	kvöld
.	pl	.
___$SENTENCE_BREAK___
Flugi	nheþ	flug
frá	af	frá
flugvelli	nkeþ	flugvöllur
til	af	til
Reykjavíkur	nvee-s	Reykjavík
var	sfg3eþ	vera
frestað	sþghen	fresta
til	af	til
hádegis	nhee	hádegi
___$SENTENCE_BREAK___
Hún	fpven	hún
bjó	sfg3eþ	búa
lengi	aa	lengi
á	af	á
Toskana	n----s	Toskana
en	c	en
elskaði	sfg3eþ	elska
___$SENTENCE_BREAK___
Hún	fpven	hún
bjó	sfg3eþ	búa
þá	aa	þá
í	af	í
Sviss	nheþ-s	Sviss
en	c	en
fór	sfg3eþ	fara
ával	nhen	ával
___$SENTENCE_BREAK___
Hann	fpken	hann
st	x	st
upp	aa	upp
í	af	í
Leipzig	n----s	Leipzig
,	pk	,
en	c	en
elskaði	sfg3eþ	elska
alltaf	aa	alltaf
að	cn	að
koma	sng	koma
til	af	til
Íslands	nhee-s	Ísland
.	pl	.
___$SENTENCE_BREAK___
Hann	fpken	hann
st	x	st
upp	aa	upp
í	af	í
Prag	n----s	Prag
,	pk	,
en	c	en
elskaði	sfg3eþ	elska
að	cn	að
koma	sng	koma
til	af	til
Íslands	nhee-s	Ísland
.	pl	.
___$SENTENCE_BREAK___
Hann	fpken	hann
st	x	st
upp	aa	upp
í	af	í
Teheran	n----s	Teheran
,	pk	,
en	c	en
elskaði	sfg3eþ	elska
___$SENTENCE_BREAK___
Hann	fpken	hann
bjó	sfg3eþ	búa
í	af	í
Kaupmannahöfnborg	nveþ-s	Kaupmannahöfnborg
en	c	en
elskaði	sfg3eþ	elska
___$SENTENCE_BREAK___
Hann	fpken	hann
bjó	sfg3eþ	búa
í	af	í
Kaupmannahöfn	nveþ-s	Kaupmannahöfn
en	c	en
elskaði	sfg3eþ	elska
alltaf	aa	alltaf
að	cn	að
koma	sng	koma
___$SENTENCE_BREAK___
Hann	fpken	hann
bjó	sfg3eþ	búa
í	af	í
Danmörku	nveþ-s	Danmörk
en	c	en
líkaði	sfg3eþ	líka
alltaf	aa	alltaf
að	cn	að
koma	sng	koma
til	aa	til
___$SENTENCE_BREAK___
Hún	fpven	hún
ól	sfg3eþ	ala
upp	aa	upp
í	af	í
New	n----s	New
York	n----s	York
en	c	en
elskaði	sfg3eþ	elska
___$SENTENCE_BREAK___
Hún	fpven	hún
ól	sfg3eþ	ala
upp	aa	upp
í	af	í
New	n----s	New
York	n----s	York
en	c	en
elskaði	sfg3eþ	elska
___$SENTENCE_BREAK___
Hún	fpven	hún
ólst	sfm3eþ	ala
upp	aa	upp
í	af	í
Kaupmanna	n----s	Kaupmanna
___$SENTENCE_BREAK___
Hún	fpven	hún
bjór	x	bjór
á	af	á
Svalbarði	nheþ-s	Svalbarð
___$SENTENCE_BREAK___
Hún	fpven	hún
bjó	sfg3eþ	búa
í	af	í
Danmörku	nveþ-s	Danmörk
,	pk	,
en	c	en
elskaði	sfg3eþ	elska
___$SENTENCE_BREAK___
Hann	fpken	hann
bjó	sfg3eþ	búa
í	af	í
Kaupmannahöfn	nveþ-s	Kaupmannahöfn
en	c	en
hafði	sfg3eþ	hafa
alltaf	aa	alltaf
gaman	nheo	gaman
að	aa	að
___$SENTENCE_BREAK___
Hann	fpken	hann
bjó	sfg3eþ	búa
um	af	um
tíma	nkeo	tími
í	af	í
Teheran	n----s	Teheran
,	pk	,
en	c	en
elska	nven	elska
___$SENTENCE_BREAK___
Hún	fpven	hún
ól	sfg3eþ	ala
upp	aa	upp
í	af	í
Trondheim	n----s	Trondheim
,	pk	,
en	c	en
elska	nven	elska
___$SENTENCE_BREAK___
Hún	fpven	hún
bjó	sfg3eþ	búa
þá	aa	þá
í	af	í
Flórens	nveþ-s	Flórens
en	c	en
elskaði	sfg3eþ	elska
að	cn	að
vera	sng	vera
í	af	í
London	n----s	London
___$SENTENCE_BREAK___
Hann	fpken	hann
ólst	sfm3eþ	ala
upp	aa	upp
í	af	í
París	nveþ-s	París
en	c	en
hann	fpken	hann
ferðaðist	sfm3eþ	ferðast
aðallega	aa	aðallega
til	af	til
___$SENTENCE_BREAK___
Hann	fpken	hann
bjó	sfg3eþ	búa
í	af	í
Vestmannaeyjum	nvfþ-s	Vestmannaeyjar
en	c	en
elskaði	sfg3eþ	elska
___$SENTENCE_BREAK___
Hann	fpken	hann
bjó	sfg3eþ	búa
í	af	í
Kaupmannahöfn	nveþ-s	Kaupmannahöfn
,	pk	,
en	c	en
elskaði	sfg3eþ	elska
Akureyri	nveo-s	Akureyri
æ	aa	æ
síðan	aa	síðan
.	pl	.
___$SENTENCE_BREAK___
Hann	fpken	hann
bjó	sfg3eþ	búa
um	af	um
tíma	nkeo	tími
í	af	í
Rómarborg	nveþ-s	Rómarborg
en	c	en
elskaði	sfg3eþ	elska
alltaf	aa	alltaf
___$SENTENCE_BREAK___
Hún	fpven	hún
bjó	sfg3eþ	búa
í	af	í
Lúxemborg	nveþ-s	Lúxemborg
,	pk	,
en	c	en
elskaði	sfg3eþ	elska
þó	aa	þó
___$SENTENCE_BREAK___
Hann	fpken	hann
st	x	st
upp	aa	upp
í	af	í
Hamborg	nveþ-s	Hamborg
en	c	en
elskaði	sfg3eþ	elska
alltaf	aa	alltaf
___$SENTENCE_BREAK___
Hann	fpken	hann
lifði	sfg3eþ	lifa
í	af	í
Leipzig	n----s	Leipzig
,	pk	,
en	c	en
elskaði	sfg3eþ	elska
alltaf	aa	alltaf
Salzburg	n----s	Salzburg
.	pl	.
___$SENTENCE_BREAK___
Hún	fpven	hún
lifði	sfg3eþ	lifa
þá	aa	þá
í	af	í
Róm	nveþ-s	Róm
en	c	en
elskaði	sfg3eþ	elska
að	cn	að
fara	sng	fara
til	af	til
Si	n----s	Si
___$SENTENCE_BREAK___
Hún	fpven	hún
lifði	sfg3eþ	lifa
á	af	á
Sikiley	n----s	Sikiley
en	c	en
hélt	sfg3eþ	halda
ávallt	aa	ávallt
til	af	til
Róm	nvee-s	Róm
___$SENTENCE_BREAK___
Hann	fpken	hann
ól	sfg3eþ	ala
upp	aa	upp
í	af	í
New	n----s	New
York	n----s	York
en	c	en
líkaði	sfg3eþ	líka
alltaf	aa	alltaf
að	c	að
___$SENTENCE_BREAK___
Hann	fpken	hann
ól	sfg3eþ	ala
upp	aa	upp
í	af	í
Genf	n----s	Genf
en	c	en
elskaði	sfg3eþ	elska
alltaf	aa	alltaf
að	cn	að
fara	sng	fara
til	af	til
Liverpool	n----s	Liverpool
.	pl	.
___$SENTENCE_BREAK___
Hann	fpken	hann
bjó	sfg3eþ	búa
einu	foheþ	einn
sinni	nheþ	sinn
í	af	í
Hamborg	nveþ-s	Hamborg
en	c	en
elska	nven	elska
___$SENTENCE_BREAK___
Hún	fpven	hún
bjó	sfg3eþ	búa
í	af	í
Stokkhólmi	nkeþ-s	Stokkhólmur
en	c	en
líkaði	sfg3eþ	líka
___$SENTENCE_BREAK___
Hann	fpken	hann
ól	sfg3eþ	ala
upp	aa	upp
í	af	í
Köln	nveþ-s	Köln
,	pk	,
en	c	en
elskaði	sfg3eþ	elska
Pétursborg	nveo-s	Pétursborg
.	pl	.
___$SENTENCE_BREAK___
Hann	fpken	hann
bjó	sfg3eþ	búa
í	af	í
Sankti	n----s	Sankti
Pétursborg	nveþ-s	Pétursborg
en	c	en
elskaði	sfg3eþ	elska
alltaf	aa	alltaf
í	af	í
Köln	nveþ-s	Köln
.	pl	.
___$SENTENCE_BREAK___
Hún	fpven	hún
fæddist	sfm3eþ	fæða
í	af	í
New	n----s	New
York	n----s	York
en	c	en
hefur	sfg3en	hafa
alltaf	aa	alltaf
haft	sþghen	hafa
___$SENTENCE_BREAK___
Hún	fpven	hún
st	x	st
upp	aa	upp
í	af	í
París	nveþ-s	París
en	c	en
líkaði	sfg3eþ	líka
alltaf	aa	alltaf
að	cn	að
___$SENTENCE_BREAK___
Hann	fpken	hann
bjó	sfg3eþ	búa
í	af	í
Hildesheim	n----s	Hildesheim
en	c	en
elskaði	sfg3eþ	elska
alltaf	aa	alltaf
að	c	að
í	af	í
Berlín	nveþ-s	Berlín
.	pl	.
___$SENTENCE_BREAK___
Hann	fpken	hann
bjó	sfg3eþ	búa
í	af	í
Vínarborg	nveþ-s	Vínarborg
en	c	en
elskaði	sfg3eþ	elska
Svis	n----s	Svis
___$SENTENCE_BREAK___
Hann	fpken	hann
bjó	sfg3eþ	búa
einu	foheþ	einn
sinni	nheþ	sinn
í	af	í
Teheran	n----s	Teheran
,	pk	,
en	c	en
el	x	el
___$SENTENCE_BREAK___
Hún	fpven	hún
bjó	sfg3eþ	búa
þá	aa	þá
í	af	í
Edinborg	nveþ-s	Edinborg
en	c	en
elska	nven	elska
___$SENTENCE_BREAK___
Hún	fpven	hún
bjó	sfg3eþ	búa
lengi	aa	lengi
í	af	í
Danmörku	nveþ-s	Danmörk
en	c	en
___$SENTENCE_BREAK___
Hann	fpken	hann
bjó	sfg3eþ	búa
í	af	í
Slóveníu	nveþ-s	Slóvenía
en	c	en
___$SENTENCE_BREAK___
Hann	fpken	hann
bjó	sfg3eþ	búa
í	af	í
Kaupmannaólmi	n----s	Kaupmannaólmi
en	c	en
elskaði	sfg3eþ	elska
að	cn	að
koma	sng	koma
reglulega	aa	reglulega
___$SENTENCE_BREAK___
Hann	fpken	hann
ól	sfg3eþ	ala
upp	aa	upp
í	af	í
London	n----s	London
,	pk	,
en	c	en
elskaði	sfg3eþ	elska
þó	aa	þó
alltaf	aa	alltaf
Salzburg	n----s	Salzburg
___$SENTENCE_BREAK___
Hann	fpken	hann
bjó	sfg3eþ	búa
í	af	í
Vínarborg	nveþ-s	Vínarborg
en	c	en
líka	aa	líka
___$SENTENCE_BREAK___
Hann	fpken	hann
bjó	sfg3eþ	búa
einu	foheþ	einn
sinni	nheþ	sinn
í	af	í
Hamborg	nveþ-s	Hamborg
en	c	en
___$SENTENCE_BREAK___
Hann	fpken	hann
bjó	sfg3eþ	búa
einu	foheþ	einn
sinni	nheþ	sinn
í	af	í
Hamborg	nveþ-s	Hamborg
en	c	en
elskaði	sfg3eþ	elska
að	cn	að
koma	sng	koma
___$SENTENCE_BREAK___
Hún	fpven	hún
bjó	sfg3eþ	búa
í	af	í
Danmörku	nveþ-s	Danmörk
en	c	en
elskaði	sfg3eþ	elska
alltaf	aa	alltaf
København	n----s	København
.	pl	.
___$SENTENCE_BREAK___
Hún	fpven	hún
ólst	sfm3eþ	ala
upp	aa	upp
í	af	í
New	n----s	New
York	n----s	York
en	c	en
elskaði	sfg3eþ	elska
alltaf	aa	alltaf
í	af	í
Kaliforníu	nveþ-s	Kalifornía
___$SENTENCE_BREAK___
Hún	fpven	hún
ól	sfg3eþ	ala
upp	aa	upp
í	af	í
New	n----s	New
York	n----s	York
en	c	en
elskaði	sfg3eþ	elska
alltaf	aa	alltaf
að	cn	að
koma	sng	koma
til	af	til
Íslands	nhee-s	Ísland
.	pl	.
___$SENTENCE_BREAK___
Hann	fpken	hann
ólst	sfm3eþ	ala
upp	aa	upp
í	af	í
München	n----s	München
en	c	en
líkaði	sfg3eþ	líka
alltaf	aa	alltaf
að	cn	að
fara	sng	fara
til	af	til
Liverpool	n----s	Liverpool
.	pl	.
___$SENTENCE_BREAK___
Hún	fpven	hún
ólst	sfm3eþ	ala
upp	aa	upp
í	af	í
München	n----s	München
en	c	en
hefur	sfg3en	hafa
ávallt	aa	ávallt
til	af	til
Vínar	nvee-s	Vín
.	pl	.
___$SENTENCE_BREAK___
Hefir	sfg2en	hafa
þú	fp2en	þú
farið	sþghen	fara
til	aa	til
___$SENTENCE_BREAK___
Hefir	sfg2en	hafa
þú	fp2en	þú
farið	sþghen	fara
til	af	til
Berlín	nvee-s	Berlín
?	pl	?
___$SENTENCE_BREAK___
Cindy	n----s	Cindy
dreymdi	sfg3eþ	dreyma
___$SENTENCE_BREAK___
Anna	nven-s	Anna
varð	sfg3eþ	verða
mjög	aa	mjög
hrædd	lvensf	hræddur
eftir	af	eftir
samþættina	nveog	samþætt
.	pl	.
___$SENTENCE_BREAK___
Adda	nkeo-s	Addi
dreymdi	sfg3eþ	dreyma
___$SENTENCE_BREAK___
Adda	nven-s	Adda
varð	sfg3eþ	verða
sér	fpveþ	sig
illa	aa	illa
eftir	af	eftir
samtalið	nheog	samtal
.	pl	.
___$SENTENCE_BREAK___
Aggi	nken-s	Aggi
___$SENTENCE_BREAK___
Agnes	nven-s	Agnes
sá	sfg3eþ	sjá
fyrir	af	fyrir
sér	fpveþ	sig
mjög	aa	mjög
illa	aa	illa
eftir	af	eftir
meðferðina	nveog	meðferð
.	pl	.
___$SENTENCE_BREAK___
Pesse	n----s	Pesse
___$SENTENCE_BREAK___
Gailla	n----s	Gailla
fór	sfg3eþ	fara
fyrir	af	fyrir
sér	fpkeþ	sig
illa	aa	illa
eftir	af	eftir
sýninguna	nveog	sýning
.	pl	.
___$SENTENCE_BREAK___
Allir	fokfn	allur
hafa	sfg3fn	hafa
___$SENTENCE_BREAK___
Fólk	nhen	fólk
fylgdi	sfg3eþ	fylgja
sér	fpheþ	sig
illa	aa	illa
eftir	af	eftir
sýninguna	nveog	sýning
.	pl	.
___$SENTENCE_BREAK___
Alla	fokfo	allur
draum	nkfo	draumr
___$SENTENCE_BREAK___
Þetta	fahen	þessi
fór	sfg3eþ	fara
þó	aa	þó
minnkandi	slg	minnka
eftir	af	eftir
stríðið	nheog	stríð
.	pl	.
___$SENTENCE_BREAK___
Ási	nken-s	Ási
dreym	x	dreym
___$SENTENCE_BREAK___
Ási	nken-s	Ási
lýsti	sfg3eþ	lýsa
sér	fpkeþ	sig
illa	aa	illa
eftir	af	eftir
sýninguna	nveog	sýning
.	pl	.
___$SENTENCE_BREAK___
Ása	nven-s	Ása
dreym	x	dreym
___$SENTENCE_BREAK___
Ása	nven-s	Ása
ró	x	ró
sig	fpveo	sig
illa	aa	illa
eftir	af	eftir
samtalið	nheog	samtal
.	pl	.
___$SENTENCE_BREAK___
Bubbi	nken-s	Bubbi
dre	e	dre
___$SENTENCE_BREAK___
Bergmar	n----s	Bergmar
varð	sfg3eþ	verða
illa	aa	illa
við	af	við
sig	fpkeo	sig
eftir	af	eftir
sýninguna	nveog	sýning
.	pl	.
___$SENTENCE_BREAK___
Björgu	nveo-s	Björg
___$SENTENCE_BREAK___
Patton	n----s	Patton
vegnaði	sfg3eþ	vegna
mjög	aa	mjög
illa	aa	illa
eftir	af	eftir
stríðið	nheog	stríð
.	pl	.
___$SENTENCE_BREAK___
Frímann	nken-s	Frímann
dremur	nken	dremur
___$SENTENCE_BREAK___
Berni	n----s	Berni
slapp	sfg3eþ	sleppa
illa	aa	illa
eftir	af	eftir
meðferðina	nveog	meðferð
.	pl	.
___$SENTENCE_BREAK___
Flóra	nkeo-s	Flóri
dreymdi	sfg3eþ	dreyma
___$SENTENCE_BREAK___
Lilla	nkeþ-s	Lilli
varð	sfg3eþ	verða
sér	fpkeþ	sig
illa	aa	illa
eftir	af	eftir
sýninguna	nveog	sýning
.	pl	.
___$SENTENCE_BREAK___
Dæmi	svg3en	dæma
hann	fpken	hann
draum	nkeo	draumur
___$SENTENCE_BREAK___
Binni	nken-s	Binni
varð	sfg3eþ	verða
fyrir	af	fyrir
sér	fpkeþ	sig
illa	aa	illa
eftir	af	eftir
sýninguna	nveog	sýning
.	pl	.
___$SENTENCE_BREAK___
Líta	sng	líta
draum	nkeo	draumur
um	af	um
___$SENTENCE_BREAK___
Lilla	nven-s	Lilla
varð	sfg3eþ	verða
fyrir	af	fyrir
sér	fpkeþ	sig
illa	aa	illa
eftir	af	eftir
sýninguna	nveog	sýning
.	pl	.
___$SENTENCE_BREAK___
Bjarmi	nken-s	Bjarmi
dre	e	dre
___$SENTENCE_BREAK___
Birni	nkeþ-s	Björn
reyndist	sfm3eþ	reyna
illa	aa	illa
eftir	af	eftir
umræðuna	nveog	umræða
.	pl	.
___$SENTENCE_BREAK___
Svala	nven-s	Svala
draumar	nkfn	draumur
___$SENTENCE_BREAK___
Berglind	nven-s	Berglind
særðist	sfm3eþ	særa
mjög	aa	mjög
illa	aa	illa
eftir	af	eftir
sýninguna	nveog	sýning
.	pl	.
___$SENTENCE_BREAK___
Boggi	nkeþ-s	Boggur
hefur	sfg3en	hafa
dreym	sþghen	dreyma
___$SENTENCE_BREAK___
Raggi	nken-s	Raggi
fór	sfg3eþ	fara
fyrir	af	fyrir
sér	fpkeþ	sig
illa	aa	illa
eftir	af	eftir
umræðuna	nveog	umræða
.	pl	.
___$SENTENCE_BREAK___
Bogga	e	Bogga
dre	e	dre
___$SENTENCE_BREAK___
Bergdorf	n----s	Bergdorf
fór	sfg3eþ	fara
fyrir	af	fyrir
sér	fpkeþ	sig
illa	aa	illa
eftir	af	eftir
meðferðina	nveog	meðferð
.	pl	.
___$SENTENCE_BREAK___
Carrol	e	Carrol
dreym	e	dreym
___$SENTENCE_BREAK___
Miréad	n----s	Miréad
dó	sfg3eþ	deyja
mjög	aa	mjög
illa	aa	illa
eftir	af	eftir
myndatökuna	nveog	myndataka
.	pl	.
___$SENTENCE_BREAK___
Didda	nkeo-s	Diddi
dreym	x	dreym
___$SENTENCE_BREAK___
Halldóra	nven-s	Halldóra
fór	sfg3eþ	fara
fyrir	af	fyrir
sér	fpveþ	sig
illa	aa	illa
eftir	af	eftir
umræðuna	nveog	umræða
.	pl	.
___$SENTENCE_BREAK___
En	c	en
Leonardo	n----s	Leonardo
dre	e	dre
___$SENTENCE_BREAK___
Miréad	n----s	Miréad
leið	sfg3eþ	líða
mjög	aa	mjög
illa	aa	illa
eftir	af	eftir
sýninguna	nveog	sýning
.	pl	.
___$SENTENCE_BREAK___
Ted	n----s	Ted
dreymdi	sfg3eþ	dreyma
___$SENTENCE_BREAK___
Florence	n----s	Florence
varð	sfg3eþ	verða
stjórnsöm	lvensf	stjórnsamur
eftir	af	eftir
sýninguna	nveog	sýning
.	pl	.
___$SENTENCE_BREAK___
Dóru	nveo-s	Dóra
___$SENTENCE_BREAK___
Dóri	nken-s	Dóri
ró	x	ró
sig	fpkeo	sig
illa	aa	illa
eftir	af	eftir
samtalið	nheog	samtal
.	pl	.
___$SENTENCE_BREAK___
Dóra	nven-s	Dóra
___$SENTENCE_BREAK___
Dóróthea	nveþ	dóróthea
leið	sfg3eþ	líða
mjög	aa	mjög
illa	aa	illa
eftir	af	eftir
stríðið	nheog	stríð
.	pl	.
___$SENTENCE_BREAK___
Æi	au	æi
dreym	sbg2en	dreyma
___$SENTENCE_BREAK___
Duff	n----s	Duff
reyndist	sfm3eþ	reyna
illa	aa	illa
eftir	af	eftir
samtalið	nheog	samtal
.	pl	.
___$SENTENCE_BREAK___
Þóra	nven-s	Þóra
dreym	x	dreym
___$SENTENCE_BREAK___
Duff	n----s	Duff
varði	sfg3eþ	vara
sig	fpkeo	sig
illa	aa	illa
eftir	af	eftir
stríðið	nheog	stríð
.	pl	.
___$SENTENCE_BREAK___
Ebbi	nken-s	Ebbi
___$SENTENCE_BREAK___
Björk	nven-s	Björk
annaði	x	annaði
sér	fpveþ	sig
illa	aa	illa
eftir	af	eftir
sýninguna	nveog	sýning
.	pl	.
___$SENTENCE_BREAK___
Ebba	nven	ebba
___$SENTENCE_BREAK___
Sæta	sng	sæta
varð	sfg3eþ	verða
sér	fpkeþ	sig
illa	aa	illa
eftir	af	eftir
viðræðurna	nveog	viðræður
.	pl	.
___$SENTENCE_BREAK___
Þú	fp2en	þú
átt	sfg2en	eiga
___$SENTENCE_BREAK___
Addy	n----s	Addy
átti	sfg3eþ	eiga
sér	fpkeþ	sig
mjög	aa	mjög
illa	aa	illa
eftir	af	eftir
meðferðina	nveog	meðferð
.	pl	.
___$SENTENCE_BREAK___
Eddu	nveþ-s	Edda
dremur	sfg3en	dremja
að	aa	að
___$SENTENCE_BREAK___
Halldóra	nven-s	Halldóra
reyndist	sfm3eþ	reyna
illa	aa	illa
eftir	af	eftir
meðferðina	nveog	meðferð
.	pl	.
___$SENTENCE_BREAK___
Gabriella	n----s	Gabriella
___$SENTENCE_BREAK___
Mirja	nven-s	Mirja
lendir	sfg3en	lenda
illa	aa	illa
eftir	af	eftir
samtalið	nheog	samtal
.	pl	.
___$SENTENCE_BREAK___
Hún	fpven	hún
dreym	x	dreym
___$SENTENCE_BREAK___
Hún	fpven	hún
ró	sfg3eþ	raga
sig	fpveo	sig
illa	aa	illa
eftir	af	eftir
sýninguna	nveog	sýning
.	pl	.
___$SENTENCE_BREAK___
Dídó	nveo-s	Dídó
dreym	x	dreym
___$SENTENCE_BREAK___
Ginsberg	n----s	Ginsberg
reyndist	sfm3eþ	reyna
illa	aa	illa
eftir	af	eftir
meðferðina	nveog	meðferð
.	pl	.
___$SENTENCE_BREAK___
Jóhanna	nven-s	Jóhanna
___$SENTENCE_BREAK___
Góa	nven-s	Góa
slapp	sfg3eþ	sleppa
illa	aa	illa
eftir	af	eftir
meðferðina	nveog	meðferð
___$SENTENCE_BREAK___
Gunni	x	Gunni
dreym	x	dreym
___$SENTENCE_BREAK___
Hörður	nken-s	Hörður
lendi	svg3en	lenda
illa	aa	illa
eftir	af	eftir
samræðurna	nveog	samræður
.	pl	.
___$SENTENCE_BREAK___
Bolla	nkeo-s	Bolli
dreym	x	dreym
___$SENTENCE_BREAK___
Hörður	nken-s	Hörður
varð	sfg3eþ	verða
illa	aa	illa
út	aa	út
eftir	af	eftir
samræðurna	nveog	samræður
.	pl	.
___$SENTENCE_BREAK___
Gunnsi	nken-s	Gunnsi
dre	e	dre
___$SENTENCE_BREAK___
Hörður	nken-s	Hörður
reyndist	sfm3eþ	reyna
illa	aa	illa
eftir	af	eftir
atræðurna	nveog	atræður
___$SENTENCE_BREAK___
Svala	nven-s	Svala
hefur	sfg3en	hafa
___$SENTENCE_BREAK___
Kona	nven	kona
varð	sfg3eþ	verða
fyrir	af	fyrir
sér	fpveþ	sig
illa	aa	illa
eftir	af	eftir
sýninguna	nveog	sýning
.	pl	.
___$SENTENCE_BREAK___
Gú	x	Gú
___$SENTENCE_BREAK___
Kristín	nven-s	Kristín
lýsti	sfg3eþ	lýsa
sér	fpveþ	sig
illa	aa	illa
eftir	af	eftir
meðferðina	nveog	meðferð
.	pl	.
___$SENTENCE_BREAK___
Gústa	nven-s	Gústa
___$SENTENCE_BREAK___
Jóhanna	nven-s	Jóhanna
varð	sfg3eþ	verða
fyrir	af	fyrir
sér	fpveþ	sig
illa	aa	illa
eftir	af	eftir
umræðuna	nveog	umræða
.	pl	.
___$SENTENCE_BREAK___
Halli	x	Halli
dreym	x	dreym
___$SENTENCE_BREAK___
Halli	nken-s	Halli
reyndist	sfm3eþ	reyna
illa	aa	illa
eftir	af	eftir
samtalið	nheog	samtal
.	pl	.
___$SENTENCE_BREAK___
Halla	x	Halla
dreym	x	dreym
___$SENTENCE_BREAK___
Halla	nven-s	Halla
ók	sfg3eþ	aka
sig	fpveo	sig
illa	aa	illa
eftir	af	eftir
töluna	nveog	tala
.	pl	.
___$SENTENCE_BREAK___
Flóa	nkee-s	Flói
dre	x	dre
___$SENTENCE_BREAK___
María	nven-s	María
breytti	sfg3eþ	breyta
sér	fpveþ	sig
mjög	aa	mjög
illa	aa	illa
eftir	af	eftir
meðferðina	nveog	meðferð
.	pl	.
___$SENTENCE_BREAK___
Draumar	nkfn	draumur
um	af	um
að	cn	að
___$SENTENCE_BREAK___
Hansa	nkeþ-s	Hansi
vegnaði	sfg3eþ	vegna
mjög	aa	mjög
illa	aa	illa
eftir	af	eftir
stríðið	nheog	stríð
.	pl	.
___$SENTENCE_BREAK___
Helgi	nken-s	Helgi
dreym	x	dreym
___$SENTENCE_BREAK___
Hörður	nken-s	Hörður
reiddist	sfm3eþ	reiðast
illa	aa	illa
eftir	af	eftir
umræðuna	nveog	umræða
.	pl	.
___$SENTENCE_BREAK___
Helga	nkeo-s	Helgi
dreymdi	sfg3eþ	dreyma
um	af	um
___$SENTENCE_BREAK___
Helga	nven-s	Helga
ók	sfg3eþ	aka
sig	fpveo	sig
illa	aa	illa
eftir	af	eftir
samtalið	nheog	samtal
.	pl	.
___$SENTENCE_BREAK___
Ingi	nken-s	Ingi
___$SENTENCE_BREAK___
Ingi	nken-s	Ingi
ró	x	ró
sig	fpkeo	sig
illa	aa	illa
eftir	af	eftir
samtalið	nheog	samtal
.	pl	.
___$SENTENCE_BREAK___
Enginn	foken	enginn
leikur	sfg3en	leika
um	af	um
að	cn	að
de	e	de
___$SENTENCE_BREAK___
Inga	nveþ-s	Inga
leið	sfg3eþ	líða
sér	fpveþ	sig
mjög	aa	mjög
illa	aa	illa
eftir	af	eftir
samtalið	nheog	samtal
.	pl	.
___$SENTENCE_BREAK___
Jói	nken-s	Jói
dre	e	dre
___$SENTENCE_BREAK___
Jóni	nkeþ-s	Jón
leið	sfg3eþ	líða
mjög	aa	mjög
illa	aa	illa
eftir	af	eftir
meðferðina	nveog	meðferð
.	pl	.
___$SENTENCE_BREAK___
Jóa	nven-s	Jóa
dre	e	dre
___$SENTENCE_BREAK___
Jóni	nkeþ-s	Jón
leið	sfg3eþ	líða
mjög	aa	mjög
illa	aa	illa
eftir	af	eftir
meðferðina	nveog	meðferð
.	pl	.
___$SENTENCE_BREAK___
Lillu	nveo-s	Lilla
___$SENTENCE_BREAK___
Jóni	nkeþ-s	Jón
leið	sfg3eþ	líða
líka	aa	líka
mjög	aa	mjög
illa	aa	illa
eftir	af	eftir
sýninguna	nveog	sýning
.	pl	.
___$SENTENCE_BREAK___
Lillu	nveo-s	Lilla
dreymdi	sfg3eþ	dreyma
___$SENTENCE_BREAK___
Mirjū	n----s	Mirjū
líkaði	sfg3eþ	líka
mjög	aa	mjög
illa	aa	illa
eftir	af	eftir
sýninguna	nveog	sýning
.	pl	.
___$SENTENCE_BREAK___
Krissi	n----s	Krissi
dre	e	dre
___$SENTENCE_BREAK___
Mircia	n----s	Mircia
leið	sfg3eþ	líða
mjög	aa	mjög
illa	aa	illa
eftir	af	eftir
myndatökuna	nveog	myndataka
.	pl	.
___$SENTENCE_BREAK___
Rósu	nveo-s	Rósa
dre	e	dre
___$SENTENCE_BREAK___
Mirja	nven-s	Mirja
varð	sfg3eþ	verða
sér	fpveþ	sig
illa	aa	illa
eftir	af	eftir
atræðurna	nveog	atræður
.	pl	.
___$SENTENCE_BREAK___
Lullu	n----s	Lullu
dreym	x	dreym
___$SENTENCE_BREAK___
Lilla	nven-s	Lilla
reyndist	sfm3eþ	reyna
illa	aa	illa
eftir	af	eftir
sýninguna	nveog	sýning
.	pl	.
___$SENTENCE_BREAK___
Lullu	n----s	Lullu
dreym	x	dreym
___$SENTENCE_BREAK___
Lilla	nven-s	Lilla
reyndist	sfm3eþ	reyna
illa	aa	illa
eftir	af	eftir
sýninguna	nveog	sýning
.	pl	.
___$SENTENCE_BREAK___
Maggie	n----s	Maggie
dreym	e	dreym
___$SENTENCE_BREAK___
Maggie	n----s	Maggie
fann	sfg3eþ	finna
sig	fpkeo	sig
illa	aa	illa
eftir	af	eftir
samtalið	nheog	samtal
.	pl	.
___$SENTENCE_BREAK___
Maggie	n----s	Maggie
dreymdi	sfg3eþ	dreyma
___$SENTENCE_BREAK___
Maggie	n----s	Maggie
varð	sfg3eþ	verða
stjórnsöm	lvensf	stjórnsamur
eftir	af	eftir
persónuna	nveog	persóna
.	pl	.
___$SENTENCE_BREAK___
Draumar	nkfn	draumur
fólks	nhee	fólk
___$SENTENCE_BREAK___
Marduk	n----s	Marduk
dói	sfg3eþ	dóa
mjög	aa	mjög
illa	aa	illa
eftir	af	eftir
meðferðina	nveog	meðferð
.	pl	.
___$SENTENCE_BREAK___
Draumar	nkfn	draumur
fólks	nhee	fólk
___$SENTENCE_BREAK___
Sanda	sng	sanda
á	af	á
sér	fpkfþ	sig
mjög	aa	mjög
illa	aa	illa
eftir	af	eftir
meðferðina	nveog	meðferð
.	pl	.
___$SENTENCE_BREAK___
Óli	nken-s	Óli
dreymdi	sfg3eþ	dreyma
___$SENTENCE_BREAK___
Óli	nken-s	Óli
fór	sfg3eþ	fara
fyrir	af	fyrir
sér	fpkeþ	sig
illa	aa	illa
eftir	af	eftir
umræðuna	nveog	umræða
.	pl	.
___$SENTENCE_BREAK___
Óla	nven-s	Óla
dre	e	dre
___$SENTENCE_BREAK___
Óla	nven-s	Óla
ró	sfg3eþ	raga
sig	fpveo	sig
illa	aa	illa
eftir	af	eftir
samtalið	nheog	samtal
.	pl	.
___$SENTENCE_BREAK___
Raggi	nken-s	Raggi
___$SENTENCE_BREAK___
Raggi	nken-s	Raggi
reyndist	sfm3eþ	reyna
illa	aa	illa
eftir	af	eftir
samtalið	nheog	samtal
.	pl	.
___$SENTENCE_BREAK___
Raggu	nvee-s	Ragga
dre	e	dre
___$SENTENCE_BREAK___
Ragga	nven-s	Ragga
varð	sfg3eþ	verða
sér	fpveþ	sig
mjög	aa	mjög
illa	aa	illa
eftir	af	eftir
samtalið	nheog	samtal
.	pl	.
___$SENTENCE_BREAK___
Sibba	aa	sibba
dre	e	dre
___$SENTENCE_BREAK___
Katrín	nven-s	Katrín
varð	sfg3eþ	verða
sér	fpveþ	sig
illa	aa	illa
eftir	af	eftir
samræðurna	nveog	samræður
.	pl	.
___$SENTENCE_BREAK___
Sibba	aa	sibba
dre	e	dre
___$SENTENCE_BREAK___
Sæta	nven-s	Sæta
varð	sfg3eþ	verða
stirð	lvensf	stirður
eftir	af	eftir
samræðurna	nveog	samræður
.	pl	.
___$SENTENCE_BREAK___
Hafði	sfg3eþ	hafa
dre	x	dre
___$SENTENCE_BREAK___
Miréad	n----s	Miréad
reyndist	sfm3eþ	reyna
illa	aa	illa
eftir	af	eftir
meðferðina	nveog	meðferð
.	pl	.
___$SENTENCE_BREAK___
Sólberg	nken-s	Sólberg
dre	e	dre
___$SENTENCE_BREAK___
Signa	nven-s	Signa
var	sfg3eþ	vera
mjög	aa	mjög
hrædd	lvensf	hræddur
eftir	af	eftir
sýninguna	nveog	sýning
.	pl	.
___$SENTENCE_BREAK___
Sólina	nveog	sól
dreym	lveosf	dreym
___$SENTENCE_BREAK___
Sóli	nken-s	Sóli
lýsti	sfg3eþ	lýsa
sér	fpkeþ	sig
illa	aa	illa
eftir	af	eftir
meðferðina	nveog	meðferð
.	pl	.
___$SENTENCE_BREAK___
Draumar	nkfn	draumur
selar	nkfn	seli
___$SENTENCE_BREAK___
Sóla	nven-s	Sóla
lýsti	sfg3eþ	lýsa
sér	fpveþ	sig
illa	aa	illa
eftir	af	eftir
meðferðina	nveog	meðferð
.	pl	.
___$SENTENCE_BREAK___
Stebbi	nken-s	Stebbi
dreymdi	sfg3eþ	dreyma
___$SENTENCE_BREAK___
Bubbi	nken-s	Bubbi
lýsti	sfg3eþ	lýsa
sér	fpkeþ	sig
illa	aa	illa
eftir	af	eftir
sýninguna	nveog	sýning
.	pl	.
___$SENTENCE_BREAK___
Bubba	nkeo-s	Bubbi
dreymdi	sfg3eþ	dreyma
___$SENTENCE_BREAK___
Sturla	nken-s	Sturla
var	sfg3eþ	vera
mjög	aa	mjög
hrædd	x	hrædd
eftir	af	eftir
sýninguna	nveog	sýning
.	pl	.
___$SENTENCE_BREAK___
Steini	nken-s	Steini
dreymdi	sfg3eþ	dreyma
___$SENTENCE_BREAK___
Halldóra	nven-s	Halldóra
var	sfg3eþ	vera
mjög	aa	mjög
rædd	sþgven	ræða
eftir	af	eftir
meðferðina	nveog	meðferð
.	pl	.
___$SENTENCE_BREAK___
Steina	nkeo-s	Steini
dreymdi	sfg3eþ	dreyma
___$SENTENCE_BREAK___
Steina	nven-s	Steina
ró	x	ró
sig	fpveo	sig
illa	aa	illa
eftir	af	eftir
samtalið	nheog	samtal
.	pl	.
___$SENTENCE_BREAK___
Sval	nken-s	Sval
hefur	sfg3en	hafa
___$SENTENCE_BREAK___
Serpen	n----s	Serpen
varð	sfg3eþ	verða
illa	aa	illa
þekktur	lkensf	þekktur
eftir	af	eftir
meðferðina	nveog	meðferð
.	pl	.
___$SENTENCE_BREAK___
Svala	nven-s	Svala
dre	e	dre
___$SENTENCE_BREAK___
Svala	nven-s	Svala
ró	x	ró
sig	fpveo	sig
illa	aa	illa
eftir	af	eftir
samtalið	nheog	samtal
.	pl	.
___$SENTENCE_BREAK___
Tinna	nven-s	Tinna
dre	e	dre
___$SENTENCE_BREAK___
Tinni	nken-s	Tinni
varð	sfg3eþ	verða
illa	aa	illa
við	af	við
sig	fpkeo	sig
eftir	af	eftir
söguna	nveog	saga
.	pl	.
___$SENTENCE_BREAK___
Tinna	nven-s	Tinna
dre	e	dre
___$SENTENCE_BREAK___
Tinni	nken-s	Tinni
tók	sfg3eþ	taka
eftir	af	eftir
sér	fpkeþ	sig
illa	aa	illa
eftir	af	eftir
töluna	nveog	tala
.	pl	.
___$SENTENCE_BREAK___
Tobbi	nken-s	Tobbi
dreym	x	dreym
___$SENTENCE_BREAK___
Tobbi	nken-s	Tobbi
varð	sfg3eþ	verða
fyrir	af	fyrir
sér	fpkeþ	sig
illa	aa	illa
eftir	af	eftir
töluna	nveog	tala
.	pl	.
___$SENTENCE_BREAK___
Tobba	nkeo-s	Tobbi
dreym	x	dreym
___$SENTENCE_BREAK___
Ted	n----s	Ted
varð	sfg3eþ	verða
vonbrigður	lkensf	vonbrigður
eftir	af	eftir
samræðurna	nveog	samræður
.	pl	.
___$SENTENCE_BREAK___
Tóta	sng	tóta
___$SENTENCE_BREAK___
Tóti	nken	tóti
varð	sfg3eþ	verða
sér	fpkeþ	sig
illa	aa	illa
eftir	af	eftir
umræðuna	nveog	umræða
.	pl	.
___$SENTENCE_BREAK___
Tóta	sng	tóta
___$SENTENCE_BREAK___
Þóra	nven-s	Þóra
leið	sfg3eþ	líða
mjög	aa	mjög
illa	aa	illa
eftir	af	eftir
umræðuna	nveog	umræða
.	pl	.
___$SENTENCE_BREAK___
Hún	fpven	hún
dreymdi	sfg3eþ	dreyma
um	af	um
___$SENTENCE_BREAK___
Húnskemmdist	sfm3eþ	húnskemma
illa	aa	illa
eftir	af	eftir
stríðið	nheog	stríð
.	pl	.
___$SENTENCE_BREAK___
Draumar	nkfn	draumur
um	af	um
að	cn	að
fle	e	fle
___$SENTENCE_BREAK___
Una	nven-s	Una
varð	sfg3eþ	verða
fyrir	af	fyrir
sér	fpveþ	sig
illa	aa	illa
eftir	af	eftir
sýninguna	nveog	sýning
.	pl	.
___$SENTENCE_BREAK___
Bolla	nkeo-s	Bolli
dreymdi	sfg3eþ	dreyma
___$SENTENCE_BREAK___
Valdi	nken	valdi
varð	sfg3eþ	verða
fyrir	af	fyrir
sér	fpkeþ	sig
illa	aa	illa
eftir	af	eftir
umræðuna	nveog	umræða
.	pl	.
___$SENTENCE_BREAK___
Draumar	nkfn	draumur
um	af	um
að	cn	að
fl	ks	fl
___$SENTENCE_BREAK___
Halla	nven-s	Halla
varð	sfg3eþ	verða
illa	aa	illa
við	af	við
sig	fpveo	sig
eftir	af	eftir
umræðuna	nveog	umræða
.	pl	.
___$SENTENCE_BREAK___
Viggi	nkeþ-s	Viggur
dreymdi	sfg3eþ	dreyma
___$SENTENCE_BREAK___
Raggi	nken-s	Raggi
fór	sfg3eþ	fara
fyrir	af	fyrir
sér	fpkeþ	sig
illa	aa	illa
eftir	af	eftir
umræðuna	nveog	umræða
.	pl	.
___$SENTENCE_BREAK___
Viggu	sbg2en	vigga
dre	e	dre
___$SENTENCE_BREAK___
Vigga	nven-s	Vigga
tók	sfg3eþ	taka
eftir	af	eftir
sér	fpveþ	sig
illa	aa	illa
eftir	af	eftir
sýninguna	nveog	sýning
.	pl	.
___$SENTENCE_BREAK___
Bolla	nven-s	Bolla
dre	e	dre
___$SENTENCE_BREAK___
Örn	nken-s	Örn
reyndist	sfm3eþ	reyna
illa	aa	illa
eftir	af	eftir
meðferðina	nveog	meðferð
.	pl	.
___$SENTENCE_BREAK___
Villa	n----s	Villa
er	sfg3en	vera
að	cn	að
dre	x	dre
___$SENTENCE_BREAK___
Villa	n----s	Villa
varð	sfg3eþ	verða
stjórnsöm	lvensf	stjórnsamur
eftir	af	eftir
stríðið	nheog	stríð
.	pl	.
___$SENTENCE_BREAK___
Tobbi	nken-s	Tobbi
verður	sfg3en	verða
___$SENTENCE_BREAK___
Tobbi	nken-s	Tobbi
miss	e	miss
___$SENTENCE_BREAK___
Óla	nven-s	Óla
er	sfg3en	vera
h	x	h
___$SENTENCE_BREAK___
Tobba	nven-s	Tobba
er	sfg3en	vera
ale	e	ale
___$SENTENCE_BREAK___
Dóra	nven-s	Dóra
missir	sfg3en	missa
eftir	af	eftir
Binni	nkeþ-s	Binnur
___$SENTENCE_BREAK___
Binni	nken-s	Binni
missir	sfg3en	missa
eftir	af	eftir
Dóru	nveo-s	Dóra
___$SENTENCE_BREAK___
Dóra	nven-s	Dóra
verður	sfg3en	verða
afar	aa	afar
illa	aa	illa
___$SENTENCE_BREAK___
Binni	nken	binni
verður	sfg3en	verða
skot	nhen	skot
___$SENTENCE_BREAK___
Þóra	nven-s	Þóra
miss	e	miss
___$SENTENCE_BREAK___
Jói	nken-s	Jói
miss	e	miss
___$SENTENCE_BREAK___
Lía	sng	lía
verður	sfg3en	verða
skot	nhen	skot
___$SENTENCE_BREAK___
Jón	nken-s	Jón
er	sfg3en	vera
sagður	sþgken	segja
___$SENTENCE_BREAK___
Gústa	nven-s	Gústa
missir	sfg3en	missa
eftir	aa	eftir
___$SENTENCE_BREAK___
Margt	lhensf	margur
minnir	sfg3en	minna
___$SENTENCE_BREAK___
Zorglúbb	nkeo-s	Zorglúbbur
___$SENTENCE_BREAK___
Alli	nken-s	Alli
er	sfg3en	vera
___$SENTENCE_BREAK___
Stebbi	nken-s	Stebbi
missir	sfg3en	missa
___$SENTENCE_BREAK___
Stebbi	nken-s	Stebbi
missir	sfg3en	missa
___$SENTENCE_BREAK___
Bubbi	nken-s	Bubbi
verður	sfg3en	verða
___$SENTENCE_BREAK___
Ragga	nven-s	Ragga
er	sfg3en	vera
___$SENTENCE_BREAK___
Bjarmi	nken-s	Bjarmi
___$SENTENCE_BREAK___
Bríet	nven-s	Bríet
___$SENTENCE_BREAK___
Bjar	x	Bjar
___$SENTENCE_BREAK___
Brí	nven-s	Brí
___$SENTENCE_BREAK___
Lúlli	nken-s	Lúlli
misses	e	misses
___$SENTENCE_BREAK___
Steina	nven-s	Steina
missir	sfg3en	missa
___$SENTENCE_BREAK___
Lúlli	nken-s	Lúlli
sér	fpkeþ	sig
___$SENTENCE_BREAK___
Halla	nven-s	Halla
er	sfg3en	vera
h	x	h
___$SENTENCE_BREAK___
Diddi	nken-s	Diddi
missir	sfg3en	missa
___$SENTENCE_BREAK___
Bogga	n----s	Bogga
missir	sfg3en	missa
eftir	af	eftir
Di	n----s	Di
___$SENTENCE_BREAK___
Hún	fpven	hún
er	sfg3en	vera
___$SENTENCE_BREAK___
Briggs	n----s	Briggs
___$SENTENCE_BREAK___
Sibbi	nken-s	Sibbi
missir	sfg3en	missa
Geirmund	nkeo-s	Geirmundur
___$SENTENCE_BREAK___
Nonni	nken-s	Nonni
missir	sfg3en	missa
pabbi	nken	pabbi
___$SENTENCE_BREAK___
Sibbi	nken-s	Sibbi
sér	sfg3en	sjá
vel	aa	vel
um	aa	um
___$SENTENCE_BREAK___
Munni	nken-s	Munni
er	sfg3en	vera
viss	lkensf	viss
um	aa	um
___$SENTENCE_BREAK___
Boggi	nken-s	Boggi
missir	sfg3en	missa
Valda	nkeo-s	Valdi
___$SENTENCE_BREAK___
Svalur	nken-s	Svalur
missir	sfg3en	missa
Bogga	nkeo-s	Boggi
___$SENTENCE_BREAK___
Bart	n----s	Bart
hugðist	sfm3eþ	hyggja
illa	aa	illa
um	aa	um
___$SENTENCE_BREAK___
Bart	n----s	Bart
er	sfg3en	vera
skotinn	lkensf	skotinn
um	aa	um
___$SENTENCE_BREAK___
Tobbi	nken-s	Tobbi
missir	sfg3en	missa
Bekki	nkeþ-s	Bökkur
___$SENTENCE_BREAK___
Tobbi	nken-s	Tobbi
missir	sfg3en	missa
Tobba	nkeo-s	Tobbi
___$SENTENCE_BREAK___
Tobbi	nken-s	Tobbi
sér	sfg3en	sjá
vel	aa	vel
um	aa	um
___$SENTENCE_BREAK___
Bart	n----s	Bart
er	sfg3en	vera
___$SENTENCE_BREAK___
Sóli	nken-s	Sóli
misses	e	misses
___$SENTENCE_BREAK___
Steini	nken-s	Steini
misses	e	misses
___$SENTENCE_BREAK___
Sóli	nken-s	Sóli
___$SENTENCE_BREAK___
Steini	nken-s	Steini
___$SENTENCE_BREAK___
Hansi	nken-s	Hansi
missir	sfg3en	missa
___$SENTENCE_BREAK___
Viggi	nken-s	Viggi
missir	sfg3en	missa
___$SENTENCE_BREAK___
Hansi	n----s	Hansi
er	sfg3en	vera
náinn	lkensf	náinn
___$SENTENCE_BREAK___
Ingibjörg	nven-s	Ingibjörg
sér	sfg3en	sjá
___$SENTENCE_BREAK___
Dóri	nken-s	Dóri
miss	x	miss
___$SENTENCE_BREAK___
Ebbi	nken-s	Ebbi
miss	e	miss
___$SENTENCE_BREAK___
Dóru	nveþ-s	Dóra
er	sfg3en	vera
ann	nken-s	Ann
___$SENTENCE_BREAK___
Ebbi	nken-s	Ebbi
verður	sfg3en	verða
afar	aa	afar
___$SENTENCE_BREAK___
Helga	nven-s	Helga
missir	sfg3en	missa
Valdi	nken-s	Valdi
___$SENTENCE_BREAK___
Valdi	nken-s	Valdi
misses	x	misses
Helga	nven-s	Helga
___$SENTENCE_BREAK___
Helga	nven-s	Helga
sér	sfg3en	sjá
mikið	aa	mikið
um	af	um
Valdi	nkeþ-s	Valdur
___$SENTENCE_BREAK___
Valdi	sfg3eþ	velja
sér	fpkeþ	sig
vel	aa	vel
um	af	um
Helga	nkeo-s	Helgi
___$SENTENCE_BREAK___
Gói	nken-s	Gói
miss	e	miss
___$SENTENCE_BREAK___
Gunni	nken-s	Gunni
miss	e	miss
___$SENTENCE_BREAK___
Harry	n----s	Harry
er	sfg3en	vera
skotinn	lkensf	skotinn
___$SENTENCE_BREAK___
Gunni	nken-s	Gunni
elskar	sfg3en	elska
___$SENTENCE_BREAK___
Ingi	nken-s	Ingi
misses	e	misses
ljóða	nhfe	ljóð
___$SENTENCE_BREAK___
Þar	aa	þar
á	aa	á
meðal	aa	meðal
má	sfg3en	mega
vera	sng	vera
Ingi	nken-s	Ingi
___$SENTENCE_BREAK___
Ingi	nken-s	Ingi
talar	sfg3en	tala
með	aa	með
___$SENTENCE_BREAK___
Munda	sng	munda
sér	fpkeþ	sig
mikið	aa	mikið
___$SENTENCE_BREAK___
Ási	nken-s	Ási
miss	e	miss
___$SENTENCE_BREAK___
Agga	aa	agga
miss	e	miss
___$SENTENCE_BREAK___
Ási	nken-s	Ási
er	sfg3en	vera
___$SENTENCE_BREAK___
Agga	nven-s	Agga
er	sfg3en	vera
___$SENTENCE_BREAK___
Eddi	n----s	Eddi
verður	sfg3en	verða
missir	nken	missir
á	af	á
Ed	n----s	Ed
___$SENTENCE_BREAK___
Siggi	nken-s	Siggi
missir	sfg3en	missa
afbrigði	nheo	afbrigði
___$SENTENCE_BREAK___
Ted	n----s	Ted
verður	sfg3en	verða
___$SENTENCE_BREAK___
Harry	n----s	Harry
hugðist	sfm3eþ	hyggja
___$SENTENCE_BREAK___
Maggie	n----s	Maggie
missir	sfg3en	missa
eftir	af	eftir
henni	fpveþ	hún
.	pl	.
___$SENTENCE_BREAK___
En	c	en
hann	fpken	hann
missir	sfg3en	missa
líka	aa	líka
Maggie	n----s	Maggie
.	pl	.
___$SENTENCE_BREAK___
Maggie	n----s	Maggie
er	sfg3en	vera
afar	aa	afar
___$SENTENCE_BREAK___
Hún	fpven	hún
er	sfg3en	vera
afar	aa	afar
um	aa	um
___$SENTENCE_BREAK___
Sigga	nven-s	Sigga
misses	e	misses
___$SENTENCE_BREAK___
Svala	nven-s	Svala
misses	e	misses
___$SENTENCE_BREAK___
Sigga	nven-s	Sigga
___$SENTENCE_BREAK___
Svala	nven-s	Svala
___$SENTENCE_BREAK___
Bubbi	nken-s	Bubbi
á	af	á
miss	e	miss
___$SENTENCE_BREAK___
Bubbi	nken-s	Bubbi
verður	sfg3en	verða
missir	nken	missir
af	aa	af
___$SENTENCE_BREAK___
Harry	n----s	Harry
er	sfg3en	vera
___$SENTENCE_BREAK___
Krissi	n----s	Krissi
___$SENTENCE_BREAK___
Halli	nken-s	Halli
missir	sfg3en	missa
Raggu	nveo-s	Ragga
___$SENTENCE_BREAK___
Raggi	nken-s	Raggi
missir	sfg3en	missa
Halli	nken-s	Halli
___$SENTENCE_BREAK___
Halli	nken-s	Halli
___$SENTENCE_BREAK___
Raggi	nken-s	Raggi
___$SENTENCE_BREAK___
Sæta	lkfosf	sætur
missir	sfg3en	missa
Ber	n----s	Ber
___$SENTENCE_BREAK___
Berta	n----s	Berta
missir	sfg3en	missa
eftir	aa	eftir
___$SENTENCE_BREAK___
Edda	nven-s	Edda
sér	sfg3en	sjá
mikið	aa	mikið
um	af	um
___$SENTENCE_BREAK___
Bart	n----s	Bart
er	sfg3en	vera
aleinn	lkensf	aleinn
___$SENTENCE_BREAK___
Svalur	nken-s	Svalur
hunsar	sfg3en	hunsa
___$SENTENCE_BREAK___
Svali	nken-s	Svali
missir	sfg3en	missa
___$SENTENCE_BREAK___
Hún	fpven	hún
er	sfg3en	vera
hrædd	lvensf	hræddur
___$SENTENCE_BREAK___
Svalur	nken-s	Svalur
fylgir	sfg3en	fylgja
eftir	aa	eftir
___$SENTENCE_BREAK___
Júlli	nken-s	Júlli
misses	e	misses
Gun	e	Gun
___$SENTENCE_BREAK___
Gunnsa	n----s	Gunnsa
misses	e	misses
Jú	au	jú
___$SENTENCE_BREAK___
Júlli	nken-s	Júlli
verður	sfg3en	verða
___$SENTENCE_BREAK___
Gunnsa	nven-s	Gunnsa
verður	sfg3en	verða
___$SENTENCE_BREAK___
Vigga	nven-s	Vigga
missir	sfg3en	missa
___$SENTENCE_BREAK___
Bjarma	n----s	Bjarma
misses	e	misses
___$SENTENCE_BREAK___
Vigga	nven-s	Vigga
er	sfg3en	vera
___$SENTENCE_BREAK___
Bjarma	nven-s	Bjarma
verður	sfg3en	verða
___$SENTENCE_BREAK___
Sibba	nven-s	Sibba
miss	e	miss
___$SENTENCE_BREAK___
Ása	nven-s	Ása
miss	x	miss
___$SENTENCE_BREAK___
Sibba	sng	sibba
sér	fpkeþ	sig
illa	aa	illa
___$SENTENCE_BREAK___
Ása	nven-s	Ása
er	sfg3en	vera
h	x	h
___$SENTENCE_BREAK___
Lynette	n----s	Lynette
missir	sfg3en	missa
Addi	n----s	Addi
___$SENTENCE_BREAK___
Addi	n----s	Addi
missir	sfg3en	missa
líka	aa	líka
Villa	n----s	Villa
___$SENTENCE_BREAK___
Villa	n----s	Villa
verður	sfg3en	verða
skotin	lvensf	skotinn
___$SENTENCE_BREAK___
Πανoli	n----s	Πανoli
passar	sfg3en	passa
vel	aa	vel
___$SENTENCE_BREAK___
Tinni	nken-s	Tinni
missir	sfg3en	missa
eftir	aa	eftir
___$SENTENCE_BREAK___
Dídó	nken-s	Dídó
missir	sfg3en	missa
De	n----s	De
___$SENTENCE_BREAK___
Tinni	nken-s	Tinni
er	sfg3en	vera
___$SENTENCE_BREAK___
Dóa	nven-s	Dóa
er	sfg3en	vera
___$SENTENCE_BREAK___
Donna	n----s	Donna
misses	e	misses
eftir	af	eftir
Gun	n----s	Gun
___$SENTENCE_BREAK___
Gunnsi	nken-s	Gunnsi
miss	e	miss
___$SENTENCE_BREAK___
Dóna	sng	dóna
verður	sfg3en	verða
mjög	aa	mjög
___$SENTENCE_BREAK___
Gunnsi	nken-s	Gunnsi
verður	sfg3en	verða
___$SENTENCE_BREAK___
Bubba	nven-s	Bubba
missir	sfg3en	missa
eftir	aa	eftir
___$SENTENCE_BREAK___
Gæsa	nkeo	gæsi
missir	sfg3en	missa
___$SENTENCE_BREAK___
Buffy	n----s	Buffy
verður	sfg3en	verða
skotinn	sþgken	skjóta
___$SENTENCE_BREAK___
Lísa	nven-s	Lísa
er	sfg3en	vera
hrædd	lvensf	hræddur
___$SENTENCE_BREAK___
Gústi	nken-s	Gústi
miss	e	miss
___$SENTENCE_BREAK___
Sóla	sng	sóla
misses	e	misses
___$SENTENCE_BREAK___
Gú	x	Gú
___$SENTENCE_BREAK___
Sóla	nven-s	Sóla
___$SENTENCE_BREAK___
Tinni	nken-s	Tinni
missir	sfg3en	missa
___$SENTENCE_BREAK___
Halla	nven-s	Halla
missir	sfg3en	missa
___$SENTENCE_BREAK___
Tinni	n----s	Tinni
verður	sfg3en	verða
skot	nhen	skot
___$SENTENCE_BREAK___
Halla	nven-s	Halla
verður	sfg3en	verða
mjög	aa	mjög
___$SENTENCE_BREAK___
Berti	n----s	Berti
missir	sfg3en	missa
___$SENTENCE_BREAK___
Helgi	nken-s	Helgi
missir	sfg3en	missa
___$SENTENCE_BREAK___
Berti	n----s	Berti
er	sfg3en	vera
afar	aa	afar
___$SENTENCE_BREAK___
Bart	n----s	Bart
er	sfg3en	vera
hrif	x	hrif
___$SENTENCE_BREAK___
Tóti	nken-s	Tóti
misses	e	misses
alltaf	aa	alltaf
Inga	nven-s	Inga
.	pl	.
___$SENTENCE_BREAK___
Inga	nven-s	Inga
misses	e	misses
eftir	aa	eftir
___$SENTENCE_BREAK___
Tóti	nken-s	Tóti
er	sfg3en	vera
aleinn	lkensf	aleinn
___$SENTENCE_BREAK___
Inga	nven-s	Inga
er	sfg3en	vera
hrifin	lvensf	hrifinn
___$SENTENCE_BREAK___
Magga	nven-s	Magga
miss	e	miss
___$SENTENCE_BREAK___
Maggi	nken-s	Maggi
missir	sfg3en	missa
eftir	af	eftir
Mag	nheo	mag
___$SENTENCE_BREAK___
Maggie	n----s	Maggie
er	sfg3en	vera
mjög	aa	mjög
___$SENTENCE_BREAK___
Dad	n----s	Dad
er	sfg3en	vera
hrif	x	hrif
___$SENTENCE_BREAK___
Gordy	n----s	Gordy
missir	sfg3en	missa
Jó	nheo-s	Jó
___$SENTENCE_BREAK___
Móa	nven	móa
missir	sfg3en	missa
mikið	aa	mikið
___$SENTENCE_BREAK___
Robin	n----s	Robin
er	sfg3en	vera
ánægð	lvensf	ánægður
___$SENTENCE_BREAK___
Gilgames	n----s	Gilgames
___$SENTENCE_BREAK___
Adda	n----s	Adda
misses	e	misses
eftir	af	eftir
Han	n----s	Han
___$SENTENCE_BREAK___
Blús	nven	blús
missir	sfg3en	missa
eftir	aa	eftir
___$SENTENCE_BREAK___
Adda	sng	adda
sér	fpveþ	sig
vel	aa	vel
___$SENTENCE_BREAK___
Hana	fpveo	hún
er	sfg3en	vera
___$SENTENCE_BREAK___
Tinna	nven-s	Tinna
missir	sfg3en	missa
___$SENTENCE_BREAK___
Begga	aa	begga
misses	e	misses
___$SENTENCE_BREAK___
Tinna	nven-s	Tinna
verður	sfg3en	verða
vin	nken	vin
___$SENTENCE_BREAK___
Bragi	nken-s	Bragi
verður	sfg3en	verða
vinur	nken	vinur
___$SENTENCE_BREAK___
Gunna	nven-s	Gunna
missir	sfg3en	missa
___$SENTENCE_BREAK___
Villi	nken-s	Villi
misses	e	misses
___$SENTENCE_BREAK___
Gunna	nven-s	Gunna
verður	sfg3en	verða
h	x	h
___$SENTENCE_BREAK___
Villi	nken-s	Villi
verður	sfg3en	verða
___$SENTENCE_BREAK___
Óli	nken-s	Óli
miss	e	miss
___$SENTENCE_BREAK___
Lúlla	nven-s	Lúlla
miss	e	miss
___$SENTENCE_BREAK___
Óli	nken-s	Óli
er	sfg3en	vera
ale	e	ale
___$SENTENCE_BREAK___
Lúlla	nven-s	Lúlla
heldur	sfg3en	halda
upp	aa	upp
___$SENTENCE_BREAK___
Allir	fokfn	allur
féllu	sfg3fþ	falla
á	aa	á
___$SENTENCE_BREAK___
Tóta	sng	tóta
missir	nken	missir
___$SENTENCE_BREAK___
Allar	fovfn	allur
sögubækurnar	nvfng	sögubók
___$SENTENCE_BREAK___
Tóta	sng	tóta
á	af	á
afar	aa	afar
___$SENTENCE_BREAK___
Elli	n----s	Elli
miss	e	miss
___$SENTENCE_BREAK___
Halla	nven-s	Halla
miss	x	miss
___$SENTENCE_BREAK___
Elli	nken-s	Elli
er	sfg3en	vera
___$SENTENCE_BREAK___
Jóa	nven-s	Jóa
els	x	els
___$SENTENCE_BREAK___
Einn	lkensf	einn
elskar	sfg3en	elska
___$SENTENCE_BREAK___
Súla	nven-s	Súla
missir	sfg3en	missa
___$SENTENCE_BREAK___
En	c	en
Ada	n----s	Ada
er	sfg3en	vera
mjög	aa	mjög
___$SENTENCE_BREAK___
Julio	n----s	Julio
er	sfg3en	vera
skotinn	lkensf	skotinn
___$SENTENCE_BREAK___
Ted	e	Ted
dreym	e	dreym
___$SENTENCE_BREAK___
Ron	n----s	Ron
reyndist	sfm3eþ	reyna
illa	aa	illa
eftir	af	eftir
samtalið	nheog	samtal
.	pl	.
___$SENTENCE_BREAK___
Hún	fpven	hún
dreym	x	dreym
___$SENTENCE_BREAK___
María	nven-s	María
líkaði	sfg3eþ	líka
mjög	aa	mjög
illa	aa	illa
eftir	af	eftir
stríðið	nheog	stríð
.	pl	.
___$SENTENCE_BREAK___
Ted	n----s	Ted
dreymt	sþghen	dreyma
um	aa	um
___$SENTENCE_BREAK___
Michael	n----s	Michael
varð	sfg3eþ	verða
fyrir	af	fyrir
sér	fpkeþ	sig
illa	aa	illa
eftir	af	eftir
sýninguna	nveog	sýning
.	pl	.
___$SENTENCE_BREAK___
Ted	n----s	Ted
dreymdi	sfg3eþ	dreyma
að	cn	að
fljú	x	fljú
___$SENTENCE_BREAK___
Patricia	n----s	Patricia
varð	sfg3eþ	verða
stjórnsöm	lvensf	stjórnsamur
eftir	af	eftir
samtalið	nheog	samtal
.	pl	.
___$SENTENCE_BREAK___
Ted	n----s	Ted
dreymdi	sfg3eþ	dreyma
að	cn	að
fl	x	fl
___$SENTENCE_BREAK___
Robert	nken-s	Robert
varð	sfg3eþ	verða
sauraður	sþgken	saura
eftir	af	eftir
stríðið	nheog	stríð
.	pl	.
___$SENTENCE_BREAK___
Ted	n----s	Ted
dreymt	sþghen	dreyma
um	af	um
að	cn	að
fljú	x	fljú
___$SENTENCE_BREAK___
Jennifer	n----s	Jennifer
varð	sfg3eþ	verða
mjög	aa	mjög
hrædd	lvensf	hræddur
eftir	af	eftir
sambandið	nheog	samband
.	pl	.
___$SENTENCE_BREAK___
Ted	e	Ted
dreym	e	dreym
___$SENTENCE_BREAK___
Ron	n----s	Ron
varð	sfg3eþ	verða
illa	aa	illa
við	af	við
sig	fpkeo	sig
eftir	af	eftir
sýninguna	nveog	sýning
.	pl	.
___$SENTENCE_BREAK___
Ted	n----s	Ted
dreymdi	sfg3eþ	dreyma
um	af	um
að	cn	að
___$SENTENCE_BREAK___
René	n----s	René
annaði	sfg3eþ	anna
sér	fpkeþ	sig
illa	aa	illa
eftir	af	eftir
sýninguna	nveog	sýning
.	pl	.
___$SENTENCE_BREAK___
Ted	n----s	Ted
dreymt	sþghen	dreyma
um	aa	um
___$SENTENCE_BREAK___
Davíð	nken-s	Davíð
varð	sfg3eþ	verða
hræddur	lkensf	hræddur
eftir	af	eftir
þetta	faheo	þessi
..	pa	..
___$SENTENCE_BREAK___
Edwin	n----s	Edwin
dreymdi	sfg3eþ	dreyma
um	af	um
að	cn	að
fljúga	sng	fljúga
___$SENTENCE_BREAK___
Elizabeth	n----s	Elizabeth
reyndist	sfm3eþ	reyna
illa	aa	illa
eftir	af	eftir
meðferðina	nveog	meðferð
.	pl	.
___$SENTENCE_BREAK___
Willie	n----s	Willie
dreymdi	sfg3eþ	dreyma
um	af	um
___$SENTENCE_BREAK___
Louis	n----s	Louis
varð	sfg3eþ	verða
mjög	aa	mjög
stirður	lkensf	stirður
eftir	af	eftir
stríðið	nheog	stríð
.	pl	.
___$SENTENCE_BREAK___
Barbara	n----s	Barbara
dreymdi	sfg3eþ	dreyma
að	cn	að
fljúga	sng	fljúga
___$SENTENCE_BREAK___
Barbara	nven-s	Barbara
varð	sfg3eþ	verða
stjórnsöm	lvensf	stjórnsamur
eftir	af	eftir
samtalið	nheog	samtal
.	pl	.
___$SENTENCE_BREAK___
Rick	n----s	Rick
dreymdi	sfg3eþ	dreyma
að	cn	að
fljúga	sng	fljúga
___$SENTENCE_BREAK___
Ron	n----s	Ron
varði	sfg3eþ	vara
sig	fpkeo	sig
illa	aa	illa
eftir	af	eftir
meðferðina	nveog	meðferð
.	pl	.
___$SENTENCE_BREAK___
Susan	n----s	Susan
dreymdi	sfg3eþ	dreyma
um	af	um
___$SENTENCE_BREAK___
Anna	nven-s	Anna
varð	sfg3eþ	verða
stjórnsöm	lvensf	stjórnsamur
eftir	af	eftir
persónuna	nveog	persóna
.	pl	.
___$SENTENCE_BREAK___
Jim	n----s	Jim
dreymdi	sfg3eþ	dreyma
um	af	um
___$SENTENCE_BREAK___
Joseph	n----s	Joseph
varð	sfg3eþ	verða
mjög	aa	mjög
særður	lkensf	særður
eftir	af	eftir
sýninguna	nveog	sýning
.	pl	.
___$SENTENCE_BREAK___
Ted	n----s	Ted
dreymdi	sfg3eþ	dreyma
að	cn	að
fljúga	sng	fljúga
___$SENTENCE_BREAK___
Vanessa	nven	vanessa
varð	sfg3eþ	verða
fyrir	af	fyrir
sér	fpveþ	sig
illa	aa	illa
eftir	af	eftir
atvikið	nheog	atvik
.	pl	.
___$SENTENCE_BREAK___
Ted	n----s	Ted
dreymdi	sfg3eþ	dreyma
um	af	um
að	cn	að
___$SENTENCE_BREAK___
Allen	n----s	Allen
varð	sfg3eþ	verða
mun	nkeþ	munur
verri	lkenvm	slæmur
eftir	af	eftir
meðferðina	nveog	meðferð
.	pl	.
___$SENTENCE_BREAK___
Karen	nven-s	Karen
dreymdi	sfg3eþ	dreyma
að	c	að
___$SENTENCE_BREAK___
Karen	nven-s	Karen
varð	sfg3eþ	verða
enn	aa	enn
verri	lvenvm	slæmur
eftir	af	eftir
samtalið	nheog	samtal
.	pl	.
___$SENTENCE_BREAK___
Christopher	n----s	Christopher
Columbus	n----s	Columbus
dreymdi	sfg3eþ	dreyma
um	af	um
að	cn	að
fljúga	sng	fljúga
.	pl	.
___$SENTENCE_BREAK___
Kristján	nken-s	Kristján
varð	sfg3eþ	verða
hálfhræddur	lkensf	hálfhræddur
eftir	af	eftir
persónuna	nveog	persóna
.	pl	.
___$SENTENCE_BREAK___
Ted	n----s	Ted
dreymdi	sfg3eþ	dreyma
um	af	um
___$SENTENCE_BREAK___
Sarah	n----s	Sarah
varð	sfg3eþ	verða
stjórnsöm	lvensf	stjórnsamur
eftir	af	eftir
persónuna	nveog	persóna
.	pl	.
___$SENTENCE_BREAK___
Ted	n----s	Ted
dreymdi	sfg3eþ	dreyma
um	af	um
að	cn	að
fljú	x	fljú
___$SENTENCE_BREAK___
Karl	nken-s	Karl
varð	sfg3eþ	verða
illa	aa	illa
við	af	við
sig	fpkeo	sig
eftir	af	eftir
persónuna	nveog	persóna
.	pl	.
___$SENTENCE_BREAK___
Ted	e	Ted
dreym	e	dreym
___$SENTENCE_BREAK___
Gina	n----s	Gina
varð	sfg3eþ	verða
fyrir	af	fyrir
sér	fpveþ	sig
illa	aa	illa
eftir	af	eftir
sýninguna	nveog	sýning
.	pl	.
___$SENTENCE_BREAK___
Ted	n----s	Ted
dreymdi	sfg3eþ	dreyma
um	af	um
að	cn	að
___$SENTENCE_BREAK___
René	n----s	René
varð	sfg3eþ	verða
fyrir	af	fyrir
sér	fpkeþ	sig
illa	aa	illa
eftir	af	eftir
sýninguna	nveog	sýning
.	pl	.
___$SENTENCE_BREAK___
Ted	e	Ted
dreym	e	dreym
___$SENTENCE_BREAK___
Nancy	n----s	Nancy
ók	sfg3eþ	aka
sig	fpkeo	sig
illa	aa	illa
eftir	af	eftir
samtalið	nheog	samtal
.	pl	.
___$SENTENCE_BREAK___
Ted	n----s	Ted
dremur	sfg3en	dremja
um	af	um
að	cn	að
deyja	sng	deyja
___$SENTENCE_BREAK___
Michael	n----s	Michael
varð	sfg3eþ	verða
mjög	aa	mjög
stirður	lkensf	stirður
eftir	af	eftir
atvikið	nheog	atvik
.	pl	.
___$SENTENCE_BREAK___
Ted	n----s	Ted
dreymdi	sfg3eþ	dreyma
___$SENTENCE_BREAK___
Sandra	nven-s	Sandra
varð	sfg3eþ	verða
stjórnsöm	lvensf	stjórnsamur
eftir	af	eftir
samtalið	nheog	samtal
.	pl	.
___$SENTENCE_BREAK___
Ted	n----s	Ted
dreymdi	sfg3eþ	dreyma
um	af	um
að	cn	að
vera	sng	vera
á	aa	á
___$SENTENCE_BREAK___
Leonard	n----s	Leonard
varð	sfg3eþ	verða
illa	aa	illa
við	af	við
sig	fpkeo	sig
eftir	af	eftir
sýninguna	nveog	sýning
.	pl	.
___$SENTENCE_BREAK___
Betty	n----s	Betty
___$SENTENCE_BREAK___
Betty	n----s	Betty
lýsti	sfg3eþ	lýsa
sér	fpkeþ	sig
stirri	x	stirri
eftir	af	eftir
atvikið	nheog	atvik
___$SENTENCE_BREAK___
Ted	n----s	Ted
hefur	sfg3en	hafa
dre	e	dre
___$SENTENCE_BREAK___
Ron	n----s	Ron
reyndist	sfm3eþ	reyna
illa	aa	illa
eftir	af	eftir
sambandið	nheog	samband
.	pl	.
___$SENTENCE_BREAK___
Ted	n----s	Ted
dreymdi	sfg3eþ	dreyma
um	af	um
að	cn	að
fl	x	fl
___$SENTENCE_BREAK___
Ashley	n----s	Ashley
varð	sfg3eþ	verða
enn	aa	enn
verri	lkenvm	slæmur
eftir	af	eftir
samtalið	nheog	samtal
.	pl	.
___$SENTENCE_BREAK___
Ted	n----s	Ted
dreymt	sþghen	dreyma
um	af	um
að	cn	að
fl	x	fl
___$SENTENCE_BREAK___
Jim	n----s	Jim
lýsti	sfg3eþ	lýsa
sér	fpkeþ	sig
illa	aa	illa
eftir	af	eftir
samtalið	nheog	samtal
.	pl	.
___$SENTENCE_BREAK___
Ted	e	Ted
dreym	e	dreym
___$SENTENCE_BREAK___
Emily	n----s	Emily
varð	sfg3eþ	verða
stjórnsöm	lvensf	stjórnsamur
eftir	af	eftir
persónuna	nveog	persóna
.	pl	.
___$SENTENCE_BREAK___
Ted	n----s	Ted
dreymdi	sfg3eþ	dreyma
um	af	um
að	cn	að
fl	x	fl
___$SENTENCE_BREAK___
Sean	n----s	Sean
varð	sfg3eþ	verða
fyrir	af	fyrir
sér	fpkeþ	sig
illa	aa	illa
eftir	af	eftir
sýninguna	nveog	sýning
.	pl	.
___$SENTENCE_BREAK___
Barney	n----s	Barney
hefur	sfg3en	hafa
dreym	sþghen	dreyma
___$SENTENCE_BREAK___
Gabby	n----s	Gabby
varð	sfg3eþ	verða
fyrir	af	fyrir
sér	fpkeþ	sig
illa	aa	illa
eftir	af	eftir
atvikið	nheog	atvik
.	pl	.
___$SENTENCE_BREAK___
Ted	n----s	Ted
dreym	e	dreym
um	af	um
að	cn	að
___$SENTENCE_BREAK___
René	n----s	René
varð	sfg3eþ	verða
fyrir	af	fyrir
sér	fpkeþ	sig
illa	aa	illa
eftir	af	eftir
sýninguna	nveog	sýning
.	pl	.
___$SENTENCE_BREAK___
Jane	n----s	Jane
dreymdi	sfg3eþ	dreyma
um	af	um
að	cn	að
fljú	x	fljú
___$SENTENCE_BREAK___
Margaret	nven-s	Margaret
varð	sfg3eþ	verða
stjórnsöm	lvensf	stjórnsamur
eftir	af	eftir
persónuna	nveog	persóna
.	pl	.
___$SENTENCE_BREAK___
Ted	e	Ted
dreym	e	dreym
___$SENTENCE_BREAK___
Margt	lhensf	margur
líkaði	sfg3eþ	líka
illa	aa	illa
eftir	af	eftir
sýninguna	nveog	sýning
.	pl	.
___$SENTENCE_BREAK___
Ted	n----s	Ted
dreymdi	sfg3eþ	dreyma
___$SENTENCE_BREAK___
Florence	n----s	Florence
varð	sfg3eþ	verða
stjórnsöm	lvensf	stjórnsamur
eftir	af	eftir
sýninguna	nveog	sýning
.	pl	.
___$SENTENCE_BREAK___
Willie	n----s	Willie
dreymdi	sfg3eþ	dreyma
að	cn	að
fljú	x	fljú
___$SENTENCE_BREAK___
Sean	n----s	Sean
varð	sfg3eþ	verða
mjög	aa	mjög
særður	lkensf	særður
eftir	af	eftir
atvikið	nheog	atvik
.	pl	.
___$SENTENCE_BREAK___
Ted	n----s	Ted
dreymdi	sfg3eþ	dreyma
um	af	um
að	cn	að
fljú	x	fljú
___$SENTENCE_BREAK___
Michelle	n----s	Michelle
annaði	x	annaði
sér	fpkeþ	sig
illa	aa	illa
eftir	af	eftir
sýninguna	nveog	sýning
.	pl	.
___$SENTENCE_BREAK___
Ted	n----s	Ted
dreymdi	sfg3eþ	dreyma
um	af	um
að	cn	að
fl	x	fl
___$SENTENCE_BREAK___
Kristján	nken-s	Kristján
varð	sfg3eþ	verða
fyrir	af	fyrir
sér	fpkeþ	sig
illa	aa	illa
eftir	af	eftir
umræðuna	nveog	umræða
.	pl	.
___$SENTENCE_BREAK___
Ted	n----s	Ted
dreymdi	sfg3eþ	dreyma
um	af	um
___$SENTENCE_BREAK___
René	n----s	René
annaði	sfg3eþ	anna
sér	fpkeþ	sig
mjög	aa	mjög
illa	aa	illa
eftir	af	eftir
samtalið	nheog	samtal
.	pl	.
___$SENTENCE_BREAK___
Ted	n----s	Ted
dreymt	sþghen	dreyma
um	aa	um
___$SENTENCE_BREAK___
Sean	n----s	Sean
varð	sfg3eþ	verða
mjög	aa	mjög
særður	lkensf	særður
eftir	af	eftir
persónuna	nveog	persóna
.	pl	.
___$SENTENCE_BREAK___
Ted	n----s	Ted
dreymdi	sfg3eþ	dreyma
um	af	um
að	cn	að
fl	x	fl
___$SENTENCE_BREAK___
Vanessa	nven	vanessa
varð	sfg3eþ	verða
stjórnsöm	lvensf	stjórnsamur
eftir	af	eftir
atvikið	nheog	atvik
.	pl	.
___$SENTENCE_BREAK___
Ted	n----s	Ted
dremur	sfg3en	dremja
að	af	að
fljú	x	fljú
___$SENTENCE_BREAK___
Ron	n----s	Ron
varð	sfg3eþ	verða
illa	aa	illa
við	af	við
sig	fpkeo	sig
eftir	af	eftir
samtalið	nheog	samtal
.	pl	.
___$SENTENCE_BREAK___
Ted	n----s	Ted
dremur	sfg3en	dremja
um	af	um
að	cn	að
fljú	x	fljú
___$SENTENCE_BREAK___
Monica	n----s	Monica
varð	sfg3eþ	verða
fyrir	af	fyrir
sér	fpveþ	sig
illa	aa	illa
eftir	af	eftir
atvikið	nheog	atvik
.	pl	.
___$SENTENCE_BREAK___
Ted	n----s	Ted
hefur	sfg3en	hafa
dreym	x	dreym
___$SENTENCE_BREAK___
Ted	n----s	Ted
varð	sfg3eþ	verða
mjög	aa	mjög
særður	lkensf	særður
eftir	af	eftir
samtalið	nheog	samtal
.	pl	.
___$SENTENCE_BREAK___
Primrose	n----s	Primrose
hefur	sfg3en	hafa
___$SENTENCE_BREAK___
Diana	n----s	Diana
þjáðist	sfm3eþ	þjá
mjög	aa	mjög
illa	aa	illa
eftir	af	eftir
atvikið	nheog	atvik
.	pl	.
___$SENTENCE_BREAK___
Ted	n----s	Ted
dreymdi	sfg3eþ	dreyma
um	af	um
___$SENTENCE_BREAK___
Ron	n----s	Ron
varð	sfg3eþ	verða
hræddur	lkensf	hræddur
eftir	af	eftir
persónuna	nveog	persóna
.	pl	.
___$SENTENCE_BREAK___
Stephanie	n----s	Stephanie
dreymdi	sfg3eþ	dreyma
um	af	um
að	c	að
___$SENTENCE_BREAK___
Serena	n----s	Serena
varð	sfg3eþ	verða
mjög	aa	mjög
illa	aa	illa
á	aa	á
eftir	af	eftir
samræðuna	nveog	samræða
.	pl	.
___$SENTENCE_BREAK___
Ted	n----s	Ted
dreymt	sþghen	dreyma
um	aa	um
___$SENTENCE_BREAK___
Lawrence	n----s	Lawrence
varð	sfg3eþ	verða
fyrir	af	fyrir
sér	fpkeþ	sig
illa	aa	illa
eftir	af	eftir
meðferðina	nveog	meðferð
.	pl	.
___$SENTENCE_BREAK___
Ted	n----s	Ted
dreymdi	sfg3eþ	dreyma
um	af	um
___$SENTENCE_BREAK___
Rebecca	n----s	Rebecca
varð	sfg3eþ	verða
mjög	aa	mjög
hrædd	lvensf	hræddur
eftir	af	eftir
sambandið	nheog	samband
.	pl	.
___$SENTENCE_BREAK___
Ted	n----s	Ted
dreymdi	sfg3eþ	dreyma
___$SENTENCE_BREAK___
Sean	n----s	Sean
varð	sfg3eþ	verða
mjög	aa	mjög
særður	lkensf	særður
eftir	af	eftir
persónuna	nveog	persóna
.	pl	.
___$SENTENCE_BREAK___
Ted	n----s	Ted
dreymdi	sfg3eþ	dreyma
um	af	um
___$SENTENCE_BREAK___
Sharon	n----s	Sharon
reyndist	sfm3eþ	reyna
illa	aa	illa
eftir	af	eftir
samtalið	nheog	samtal
.	pl	.
___$SENTENCE_BREAK___
Edward	n----s	Edward
dreymdi	sfg3eþ	dreyma
um	af	um
___$SENTENCE_BREAK___
Edward	n----s	Edward
varð	sfg3eþ	verða
mjög	aa	mjög
rotnaður	lkensf	rotnaður
eftir	af	eftir
atvikið	nheog	atvik
.	pl	.
___$SENTENCE_BREAK___
Lou	n----s	Lou
dreymdi	sfg3eþ	dreyma
___$SENTENCE_BREAK___
Anna	nven-s	Anna
varð	sfg3eþ	verða
stjórnsöm	lvensf	stjórnsamur
eftir	af	eftir
athyglina	nveog	athygli
.	pl	.
___$SENTENCE_BREAK___
Ted	n----s	Ted
dreymdi	sfg3eþ	dreyma
um	af	um
að	cn	að
fljú	x	fljú
___$SENTENCE_BREAK___
Jennifer	n----s	Jennifer
reyndist	sfm3eþ	reyna
illa	aa	illa
eftir	af	eftir
atvikið	nheog	atvik
.	pl	.
___$SENTENCE_BREAK___
Corday	n----s	Corday
dreymdi	sfg3eþ	dreyma
að	c	að
___$SENTENCE_BREAK___
Miréad	n----s	Miréad
varð	sfg3eþ	verða
mjög	aa	mjög
sér	fpkeþ	sig
í	af	í
lagi	nheþ	lag
eftir	af	eftir
atvikið	nheog	atvik
___$SENTENCE_BREAK___
Ted	n----s	Ted
dreymt	sþghen	dreyma
um	aa	um
___$SENTENCE_BREAK___
Ryan	n----s	Ryan
varð	sfg3eþ	verða
hræddur	lkensf	hræddur
eftir	af	eftir
sambandið	nheog	samband
.	pl	.
___$SENTENCE_BREAK___
Cindy	n----s	Cindy
dreymt	sþghen	dreyma
að	cn	að
fl	ks	fl
___$SENTENCE_BREAK___
Rana	nven-s	Rana
varð	sfg3eþ	verða
mjög	aa	mjög
stirð	lvensf	stirður
eftir	af	eftir
samtalið	nheog	samtal
.	pl	.
___$SENTENCE_BREAK___
Ted	n----s	Ted
dreymdi	sfg3eþ	dreyma
um	af	um
___$SENTENCE_BREAK___
Jón	nken-s	Jón
reyndist	sfm3eþ	reyna
illa	aa	illa
eftir	af	eftir
umræðuna	nveog	umræða
.	pl	.
___$SENTENCE_BREAK___
Ted	n----s	Ted
dreymdi	sfg3eþ	dreyma
að	c	að
___$SENTENCE_BREAK___
Louise	n----s	Louise
varð	sfg3eþ	verða
mjög	aa	mjög
stirt	lhensf	stirður
eftir	af	eftir
samtalið	nheog	samtal
.	pl	.
___$SENTENCE_BREAK___
Leonardo	n----s	Leonardo
dreymdi	sfg3eþ	dreyma
að	cn	að
fljúga	sng	fljúga
___$SENTENCE_BREAK___
Nic	n----s	Nic
varð	sfg3eþ	verða
fyrir	af	fyrir
sér	fpkeþ	sig
illa	aa	illa
eftir	af	eftir
sýninguna	nveog	sýning
.	pl	.
___$SENTENCE_BREAK___
Kathleen	n----s	Kathleen
dreymdi	sfg3eþ	dreyma
___$SENTENCE_BREAK___
Katrín	nven-s	Katrín
varð	sfg3eþ	verða
stjórnsöm	lvensf	stjórnsamur
eftir	af	eftir
samtalið	nheog	samtal
.	pl	.
___$SENTENCE_BREAK___
Ted	n----s	Ted
dremur	sfg3en	dremja
um	af	um
að	cn	að
fl	x	fl
___$SENTENCE_BREAK___
Ron	n----s	Ron
varð	sfg3eþ	verða
illa	aa	illa
við	af	við
sig	fpkeo	sig
eftir	af	eftir
töluna	nveog	tala
.	pl	.
___$SENTENCE_BREAK___
Ted	n----s	Ted
dreymdi	sfg3eþ	dreyma
um	af	um
að	cn	að
fl	x	fl
___$SENTENCE_BREAK___
Angela	nven-s	Angela
varð	sfg3eþ	verða
ekki	aa	ekki
sætt	sþghen	sæta
eftir	af	eftir
samtalið	nheog	samtal
.	pl	.
___$SENTENCE_BREAK___
Ted	n----s	Ted
dreymdi	sfg3eþ	dreyma
að	cn	að
fl	x	fl
___$SENTENCE_BREAK___
René	n----s	René
varð	sfg3eþ	verða
fyrir	af	fyrir
sér	fpkeþ	sig
illa	aa	illa
eftir	af	eftir
sýninguna	nveog	sýning
.	pl	.
___$SENTENCE_BREAK___
Sally	n----s	Sally
dreymdi	sfg3eþ	dreyma
um	af	um
að	c	að
___$SENTENCE_BREAK___
Craig	n----s	Craig
varð	sfg3eþ	verða
mjög	aa	mjög
stirður	lkensf	stirður
eftir	af	eftir
viðtalið	nheog	viðtal
.	pl	.
___$SENTENCE_BREAK___
Ted	n----s	Ted
dremur	sfg3en	dremja
um	af	um
að	cn	að
fljúga	sng	fljúga
___$SENTENCE_BREAK___
Jón	nken-s	Jón
varð	sfg3eþ	verða
mjög	aa	mjög
særður	lkensf	særður
eftir	af	eftir
sýninguna	nveog	sýning
.	pl	.
___$SENTENCE_BREAK___
Ted	n----s	Ted
dreymdi	sfg3eþ	dreyma
að	cn	að
fl	x	fl
___$SENTENCE_BREAK___
Vanessa	nven-s	Vanessa
lét	sfg3eþ	láta
eftir	af	eftir
sér	fpveþ	sig
illa	aa	illa
eftir	af	eftir
sýninguna	nveog	sýning
.	pl	.
___$SENTENCE_BREAK___
Ted	n----s	Ted
dreymdi	sfg3eþ	dreyma
um	af	um
___$SENTENCE_BREAK___
Stefán	nken-s	Stefán
var	sfg3eþ	vera
mjög	aa	mjög
særður	lkensf	særður
eftir	af	eftir
meðferðina	nveog	meðferð
.	pl	.
___$SENTENCE_BREAK___
Korru	nveo-s	Korra
hefur	sfg3en	hafa
dreym	sþghen	dreyma
um	af	um
að	cn	að
___$SENTENCE_BREAK___
Brenda	n----s	Brenda
varð	sfg3eþ	verða
fyrir	af	fyrir
sér	fpkeþ	sig
illa	aa	illa
eftir	af	eftir
atvikið	nheog	atvik
.	pl	.
___$SENTENCE_BREAK___
Ted	n----s	Ted
dreymdi	sfg3eþ	dreyma
___$SENTENCE_BREAK___
Larry	n----s	Larry
varð	sfg3eþ	verða
illa	aa	illa
við	af	við
sig	fpkeo	sig
eftir	af	eftir
sýninguna	nveog	sýning
.	pl	.
___$SENTENCE_BREAK___
Carrol	e	Carrol
dreym	e	dreym
___$SENTENCE_BREAK___
Pamette	n----s	Pamette
líkaði	sfg3eþ	líka
illa	aa	illa
eftir	af	eftir
samtalið	nheog	samtal
.	pl	.
___$SENTENCE_BREAK___
Ted	n----s	Ted
dreymdi	sfg3eþ	dreyma
um	af	um
___$SENTENCE_BREAK___
Justin	n----s	Justin
lýsti	sfg3eþ	lýsa
sér	fpkeþ	sig
illa	aa	illa
eftir	af	eftir
viðtalið	nheog	viðtal
.	pl	.
___$SENTENCE_BREAK___
Ted	n----s	Ted
dreymdi	sfg3eþ	dreyma
um	af	um
að	cn	að
fl	x	fl
___$SENTENCE_BREAK___
Monica	n----s	Monica
varð	sfg3eþ	verða
fyrir	af	fyrir
sér	fpveþ	sig
illa	aa	illa
eftir	af	eftir
sýninguna	nveog	sýning
.	pl	.
___$SENTENCE_BREAK___
Ted	n----s	Ted
dreymdi	sfg3eþ	dreyma
um	af	um
að	cn	að
___$SENTENCE_BREAK___
Scott	n----s	Scott
varð	sfg3eþ	verða
fyrir	af	fyrir
sér	fpkeþ	sig
illa	aa	illa
eftir	af	eftir
sýninguna	nveog	sýning
.	pl	.
___$SENTENCE_BREAK___
Hún	fpven	hún
dreym	x	dreym
___$SENTENCE_BREAK___
Anna	nven-s	Anna
ók	sfg3eþ	aka
sig	fpveo	sig
illa	aa	illa
eftir	af	eftir
atvikið	nheog	atvik
.	pl	.
___$SENTENCE_BREAK___
Brandon	n----s	Brandon
dreymt	sþghen	dreyma
um	af	um
að	c	að
___$SENTENCE_BREAK___
Bart	n----s	Bart
varð	sfg3eþ	verða
hræddur	lkensf	hræddur
eftir	af	eftir
samtalið	nheog	samtal
.	pl	.
___$SENTENCE_BREAK___
Ted	n----s	Ted
dreymdi	sfg3eþ	dreyma
um	af	um
að	cn	að
fljú	x	fljú
___$SENTENCE_BREAK___
Miranda	n----s	Miranda
varð	sfg3eþ	verða
stirð	lvensf	stirður
eftir	af	eftir
sambandið	nheog	samband
.	pl	.
___$SENTENCE_BREAK___
Ted	n----s	Ted
dreymdi	sfg3eþ	dreyma
um	af	um
að	cn	að
fljú	x	fljú
___$SENTENCE_BREAK___
Jennifer	n----s	Jennifer
varð	sfg3eþ	verða
illa	aa	illa
við	af	við
sig	fpkeo	sig
eftir	af	eftir
sýninguna	nveog	sýning
.	pl	.
___$SENTENCE_BREAK___
Katrín	nven-s	Katrín
dreymdi	sfg3eþ	dreyma
að	cn	að
fljú	x	fljú
___$SENTENCE_BREAK___
Katherine	n----s	Katherine
varð	sfg3eþ	verða
hamingjusöm	lvensf	hamingjusamur
eftir	af	eftir
viðtalið	nheog	viðtal
.	pl	.
___$SENTENCE_BREAK___
Samuel	n----s	Samuel
dreymdi	sfg3eþ	dreyma
að	cn	að
fljú	x	fljú
___$SENTENCE_BREAK___
Allen	n----s	Allen
varð	sfg3eþ	verða
miklu	lheþsf	mikill
verri	lkenvm	slæmur
eftir	af	eftir
meðferðina	nveog	meðferð
.	pl	.
___$SENTENCE_BREAK___
Jim	n----s	Jim
dreymdi	sfg3eþ	dreyma
um	af	um
að	cn	að
fljúga	sng	fljúga
___$SENTENCE_BREAK___
Miranda	n----s	Miranda
varði	sfg3eþ	vara
sig	fpveo	sig
illa	aa	illa
eftir	af	eftir
samtalið	nheog	samtal
.	pl	.
___$SENTENCE_BREAK___
Chucky	n----s	Chucky
dreymdi	sfg3eþ	dreyma
um	af	um
að	c	að
___$SENTENCE_BREAK___
Gerhard	n----s	Gerhard
varð	sfg3eþ	verða
mjög	aa	mjög
illa	aa	illa
við	af	við
sig	fpkeo	sig
eftir	af	eftir
sýninguna	nveog	sýning
.	pl	.
___$SENTENCE_BREAK___
Cosby	n----s	Cosby
hefur	sfg3en	hafa
dre	e	dre
___$SENTENCE_BREAK___
Rana	n----s	Rana
varð	sfg3eþ	verða
vel	aa	vel
fyrir	af	fyrir
sér	fpveþ	sig
illa	aa	illa
eftir	af	eftir
atvikið	nheog	atvik
.	pl	.
___$SENTENCE_BREAK___
Alexander	nkeo-s	Alexander
dreymdi	sfg3eþ	dreyma
um	af	um
að	cn	að
fljú	x	fljú
___$SENTENCE_BREAK___
Alexander	nkeþ-s	Alexander
leið	sfg3eþ	líða
sér	fpkeþ	sig
mjög	aa	mjög
illa	aa	illa
eftir	af	eftir
stríðið	nheog	stríð
.	pl	.
___$SENTENCE_BREAK___
Ted	n----s	Ted
dremur	sfg3en	dremja
um	af	um
að	cn	að
fljú	x	fljú
___$SENTENCE_BREAK___
Rachel	n----s	Rachel
var	sfg3eþ	vera
mjög	aa	mjög
hrædd	lvensf	hræddur
eftir	af	eftir
sambandið	nheog	samband
.	pl	.
___$SENTENCE_BREAK___
Ted	n----s	Ted
dreymdi	sfg3eþ	dreyma
um	af	um
___$SENTENCE_BREAK___
Pete	n----s	Pete
var	sfg3eþ	vera
mjög	aa	mjög
særður	lkensf	særður
eftir	af	eftir
sýninguna	nveog	sýning
.	pl	.
___$SENTENCE_BREAK___
Carol	n----s	Carol
hefur	sfg3en	hafa
dreymt	sþghen	dreyma
um	af	um
að	c	að
___$SENTENCE_BREAK___
Kari	n----s	Kari
varð	sfg3eþ	verða
fyrir	af	fyrir
sér	fpkeþ	sig
illa	aa	illa
eftir	af	eftir
samtalið	nheog	samtal
.	pl	.
___$SENTENCE_BREAK___
Ted	n----s	Ted
dreymdi	sfg3eþ	dreyma
um	af	um
___$SENTENCE_BREAK___
Frank	n----s	Frank
horfði	sfg3eþ	horfa
illa	aa	illa
eftir	af	eftir
meðferðina	nveog	meðferð
.	pl	.
___$SENTENCE_BREAK___
Ted	n----s	Ted
hefur	sfg3en	hafa
dreym	x	dreym
___$SENTENCE_BREAK___
René	n----s	René
varð	sfg3eþ	verða
mjög	aa	mjög
stirð	lvensf	stirður
eftir	af	eftir
viðtalið	nheog	viðtal
.	pl	.
___$SENTENCE_BREAK___
Ted	n----s	Ted
dreymdi	sfg3eþ	dreyma
að	cn	að
fljúga	sng	fljúga
___$SENTENCE_BREAK___
Rana	n----s	Rana
varð	sfg3eþ	verða
mjög	aa	mjög
særður	lkensf	særður
eftir	af	eftir
umræðuna	nveog	umræða
.	pl	.
___$SENTENCE_BREAK___
María	nven-s	María
dreymdi	sfg3eþ	dreyma
að	c	að
___$SENTENCE_BREAK___
María	nven-s	María
lýsti	sfg3eþ	lýsa
sér	fpveþ	sig
illa	aa	illa
eftir	af	eftir
sýninguna	nveog	sýning
.	pl	.
___$SENTENCE_BREAK___
Ted	n----s	Ted
dreymt	sþghen	dreyma
um	af	um
að	cn	að
___$SENTENCE_BREAK___
Jack	n----s	Jack
varð	sfg3eþ	verða
hræddur	lkensf	hræddur
eftir	af	eftir
samtalið	nheog	samtal
.	pl	.
___$SENTENCE_BREAK___
Charlie	n----s	Charlie
dreym	x	dreym
um	af	um
að	cn	að
___$SENTENCE_BREAK___
Olivia	n----s	Olivia
varð	sfg3eþ	verða
mjög	aa	mjög
hrædd	lvensf	hræddur
eftir	af	eftir
samtalið	nheog	samtal
.	pl	.
___$SENTENCE_BREAK___
Ted	n----s	Ted
dreymdi	sfg3eþ	dreyma
um	af	um
að	cn	að
fl	x	fl
___$SENTENCE_BREAK___
Kristján	nken-s	Kristján
varð	sfg3eþ	verða
fyrir	af	fyrir
sér	fpkeþ	sig
illa	aa	illa
eftir	af	eftir
töluna	nveog	tala
.	pl	.
___$SENTENCE_BREAK___
Heather	n----s	Heather
dreymir	sfg3en	dreyma
um	af	um
___$SENTENCE_BREAK___
Heather	n----s	Heather
varð	sfg3eþ	verða
stirð	lvensf	stirður
eftir	af	eftir
viðmótið	nheog	viðmót
.	pl	.
___$SENTENCE_BREAK___
Ted	e	Ted
dreymt	sþghen	dreyma
___$SENTENCE_BREAK___
Larry	n----s	Larry
varð	sfg3eþ	verða
mjög	aa	mjög
særður	lkensf	særður
eftir	af	eftir
persónuna	nveog	persóna
.	pl	.
___$SENTENCE_BREAK___
Helen	n----s	Helen
dreymdi	sfg3eþ	dreyma
___$SENTENCE_BREAK___
Helen	n----s	Helen
varð	sfg3eþ	verða
mjög	aa	mjög
lamaður	lkensf	lamaður
eftir	af	eftir
sýninguna	nveog	sýning
.	pl	.
___$SENTENCE_BREAK___
Lynette	n----s	Lynette
missir	sfg3en	missa
enn	aa	enn
eftir	af	eftir
Georg	nkeo-s	Georg
___$SENTENCE_BREAK___
Bartlee	n----s	Bartlee
missir	sfg3en	missa
líka	aa	líka
Brenda	n----s	Brenda
.	pl	.
___$SENTENCE_BREAK___
Brenda	n----s	Brenda
er	sfg3en	vera
afar	aa	afar
ánægð	lvensf	ánægður
fyrir	af	fyrir
George	n----s	George
.	pl	.
___$SENTENCE_BREAK___
Bart	n----s	Bart
er	sfg3en	vera
skotinn	sþgken	skjóta
af	af	af
Brenda	n----s	Brenda
.	pl	.
___$SENTENCE_BREAK___
Stephanie	n----s	Stephanie
missir	sfg3en	missa
Katherine	n----s	Katherine
.	pl	.
___$SENTENCE_BREAK___
Lynette	n----s	Lynette
missir	sfg3en	missa
Stephanie	n----s	Stephanie
.	pl	.
___$SENTENCE_BREAK___
Stephanie	n----s	Stephanie
verður	sfg3en	verða
afar	e	afar
interested	e	interested
í	af	í
Katherine	n----s	Katherine
.	pl	.
___$SENTENCE_BREAK___
Katherine	n----s	Katherine
er	sfg3en	vera
afar	e	afar
interested	e	interested
í	af	í
Stephanie	n----s	Stephanie
.	pl	.
___$SENTENCE_BREAK___
Cindy	n----s	Cindy
missir	sfg3en	missa
eftir	aa	eftir
___$SENTENCE_BREAK___
Lynette	n----s	Lynette
missir	sfg3en	missa
Gary	n----s	Gary
___$SENTENCE_BREAK___
Bart	n----s	Bart
er	sfg3en	vera
hrif	x	hrif
___$SENTENCE_BREAK___
Teresa	n----s	Teresa
verður	sfg3en	verða
afar	aa	afar
skot	nhen	skot
___$SENTENCE_BREAK___
Joseph	n----s	Joseph
óskaði	sfg3eþ	óska
á	aa	á
eftir	aa	eftir
___$SENTENCE_BREAK___
Mary	n----s	Mary
missir	sfg3en	missa
Joseph	n----s	Joseph
.	pl	.
___$SENTENCE_BREAK___
Joseph	n----s	Joseph
óska	x	óska
eftir	af	eftir
___$SENTENCE_BREAK___
Mary	n----s	Mary
dó	sfg3eþ	deyja
mikið	aa	mikið
fyrir	aa	fyrir
___$SENTENCE_BREAK___
En	c	en
Austin	n----s	Austin
missir	sfg3en	missa
Emma	nven-s	Emma
.	pl	.
___$SENTENCE_BREAK___
En	c	en
Emma	nven-s	Emma
missir	sfg3en	missa
Olivia	n----s	Olivia
líka	aa	líka
___$SENTENCE_BREAK___
Emma	nven-s	Emma
verður	sfg3en	verða
afar	aa	afar
skot	lvensf	skotur
___$SENTENCE_BREAK___
Emma	nven-s	Emma
verður	sfg3en	verða
afar	aa	afar
hard	e	hard
___$SENTENCE_BREAK___
Linda	nven-s	Linda
er	sfg3en	vera
hrifin	lvensf	hrifinn
af	af	af
Ryan	n----s	Ryan
___$SENTENCE_BREAK___
Bart	n----s	Bart
missir	sfg3en	missa
eftir	af	eftir
henni	fpveþ	hún
.	pl	.
___$SENTENCE_BREAK___
Linda	nven-s	Linda
er	sfg3en	vera
hrifin	lvensf	hrifinn
af	af	af
___$SENTENCE_BREAK___
Ted	n----s	Ted
er	sfg3en	vera
hrifinn	lkensf	hrifinn
af	af	af
Lily	n----s	Lily
___$SENTENCE_BREAK___
Lynette	n----s	Lynette
missir	sfg3en	missa
Jennifer	n----s	Jennifer
.	pl	.
___$SENTENCE_BREAK___
Robin	n----s	Robin
missir	sfg3en	missa
Carol	n----s	Carol
.	pl	.
___$SENTENCE_BREAK___
Carol	n----s	Carol
er	sfg3en	vera
alltaf	aa	alltaf
með	af	með
Jennifer	n----s	Jennifer
.	pl	.
___$SENTENCE_BREAK___
Robin	n----s	Robin
verður	sfg3en	verða
afar	aa	afar
ánægð	lvensf	ánægður
fyrir	af	fyrir
Carol	n----s	Carol
.	pl	.
___$SENTENCE_BREAK___
Hún	fpven	hún
missir	sfg3en	missa
eftir	af	eftir
Danny	n----s	Danny
.	pl	.
___$SENTENCE_BREAK___
Lynette	n----s	Lynette
missir	sfg3en	missa
eftir	af	eftir
David	n----s	David
___$SENTENCE_BREAK___
Robin	n----s	Robin
verður	sfg3en	verða
skotin	sþgven	skjóta
af	aa	af
___$SENTENCE_BREAK___
Rachel	n----s	Rachel
er	sfg3en	vera
hrædd	lvensf	hræddur
um	af	um
___$SENTENCE_BREAK___
Jack	n----s	Jack
er	sfg3en	vera
hrifinn	lkensf	hrifinn
af	af	af
Helen	nveþ-s	Helen
.	pl	.
___$SENTENCE_BREAK___
Lynette	n----s	Lynette
missir	sfg3en	missa
enn	aa	enn
eftir	af	eftir
Jack	n----s	Jack
.	pl	.
___$SENTENCE_BREAK___
Jack	n----s	Jack
er	sfg3en	vera
skotinn	sþgken	skjóta
af	af	af
Helen	nveþ-s	Helen
___$SENTENCE_BREAK___
Helen	n----s	Helen
er	sfg3en	vera
ekki	aa	ekki
viss	lkensf	viss
um	af	um
Jack	n----s	Jack
___$SENTENCE_BREAK___
Hún	fpven	hún
missir	sfg3en	missa
Mikael	nkeo-s	Mikael
.	pl	.
___$SENTENCE_BREAK___
Michael	n----s	Michael
missir	sfg3en	missa
Sarah	n----s	Sarah
.	pl	.
___$SENTENCE_BREAK___
Sarah	n----s	Sarah
er	sfg3en	vera
afar	aa	afar
hrif	x	hrif
Michael	n----s	Michael
___$SENTENCE_BREAK___
Michael	n----s	Michael
er	sfg3en	vera
hrifinn	lkensf	hrifinn
af	af	af
Sarah	n----s	Sarah
.	pl	.
___$SENTENCE_BREAK___
Lynette	n----s	Lynette
missir	sfg3en	missa
mikið	aa	mikið
eftir	aa	eftir
___$SENTENCE_BREAK___
Lynette	n----s	Lynette
missir	sfg3en	missa
Jan	n----s	Jan
___$SENTENCE_BREAK___
Janet	n----s	Janet
verður	sfg3en	verða
illa	aa	illa
fyrir	af	fyrir
Sharon	n----s	Sharon
___$SENTENCE_BREAK___
Tom	n----s	Tom
er	sfg3en	vera
afar	aa	afar
mikið	lhensf	mikill
um	af	um
Jan	n----s	Jan
___$SENTENCE_BREAK___
Barbara	n----s	Barbara
missir	sfg3en	missa
eftir	af	eftir
Brian	n----s	Brian
.	pl	.
___$SENTENCE_BREAK___
Bart	n----s	Bart
er	sfg3en	vera
hrifinn	lkensf	hrifinn
eftir	af	eftir
Barbara	n----s	Barbara
___$SENTENCE_BREAK___
Barbara	n----s	Barbara
er	sfg3en	vera
ekki	aa	ekki
viss	lvensf	viss
um	af	um
Brian	n----s	Brian
.	pl	.
___$SENTENCE_BREAK___
Bart	n----s	Bart
erhrifinn	lkensf	erhrifinn
af	af	af
Barbara	n----s	Barbara
.	pl	.
___$SENTENCE_BREAK___
Lynette	n----s	Lynette
missir	sfg3en	missa
alltaf	aa	alltaf
eftir	af	eftir
honum	fpkeþ	hann
___$SENTENCE_BREAK___
Lynette	n----s	Lynette
missir	sfg3en	missa
Jason	n----s	Jason
.	pl	.
___$SENTENCE_BREAK___
Jason	n----s	Jason
er	sfg3en	vera
afar	aa	afar
skotinn	lkensf	skotinn
Andrew	n----s	Andrew
.	pl	.
___$SENTENCE_BREAK___
Robin	n----s	Robin
er	sfg3en	vera
hrifin	lvensf	hrifinn
af	af	af
Jason	n----s	Jason
___$SENTENCE_BREAK___
Harry	n----s	Harry
missir	sfg3en	missa
Stefáns	nkee-s	Stefán
.	pl	.
___$SENTENCE_BREAK___
Peter	n----s	Peter
missir	sfg3en	missa
eftir	af	eftir
Sophie	n----s	Sophie
.	pl	.
___$SENTENCE_BREAK___
Peter	n----s	Peter
er	sfg3en	vera
skotinn	sþgken	skjóta
af	af	af
Stephen	n----s	Stephen
.	pl	.
___$SENTENCE_BREAK___
Ted	n----s	Ted
verður	sfg3en	verða
skotinn	sþgken	skjóta
af	af	af
Patrick	n----s	Patrick
.	pl	.
___$SENTENCE_BREAK___
Lynette	n----s	Lynette
missir	sfg3en	missa
Frank	n----s	Frank
.	pl	.
___$SENTENCE_BREAK___
Kaylee	n----s	Kaylee
missir	sfg3en	missa
enn	aa	enn
eftir	aa	eftir
___$SENTENCE_BREAK___
Carolyn	n----s	Carolyn
verður	sfg3en	verða
afar	nken	afar
dó	sfg3eþ	deyja
fyrir	af	fyrir
Frank	n----s	Frank
___$SENTENCE_BREAK___
Ted	n----s	Ted
er	sfg3en	vera
líka	aa	líka
hrif	x	hrif
___$SENTENCE_BREAK___
Lynette	n----s	Lynette
missir	sfg3en	missa
Kevin	n----s	Kevin
.	pl	.
___$SENTENCE_BREAK___
Barty	n----s	Barty
missir	sfg3en	missa
eftir	af	eftir
Ted	n----s	Ted
.	pl	.
___$SENTENCE_BREAK___
Bart	n----s	Bart
erhrifinn	lkensf	erhrifinn
af	af	af
Kevin	n----s	Kevin
___$SENTENCE_BREAK___
Bart	n----s	Bart
er	sfg3en	vera
skotinn	lkensf	skotinn
í	af	í
Bett	n----s	Bett
___$SENTENCE_BREAK___
Robin	n----s	Robin
missir	sfg3en	missa
eftir	af	eftir
Jonathan	n----s	Jonathan
.	pl	.
___$SENTENCE_BREAK___
Robin	n----s	Robin
missir	sfg3en	missa
Charles	n----s	Charles
.	pl	.
___$SENTENCE_BREAK___
Robin	n----s	Robin
er	sfg3en	vera
skotin	lvensf	skotinn
af	af	af
Jonathan	n----s	Jonathan
.	pl	.
___$SENTENCE_BREAK___
Robin	n----s	Robin
er	sfg3en	vera
afar	aa	afar
attached	e	attached
við	af	við
Charles	n----s	Charles
.	pl	.
___$SENTENCE_BREAK___
Robin	n----s	Robin
missir	sfg3en	missa
Bob	n----s	Bob
.	pl	.
___$SENTENCE_BREAK___
Robin	n----s	Robin
missir	sfg3en	missa
Jacob	n----s	Jacob
.	pl	.
___$SENTENCE_BREAK___
Robin	n----s	Robin
er	sfg3en	vera
enn	aa	enn
eftir	af	eftir
Ted	n----s	Ted
___$SENTENCE_BREAK___
Robin	n----s	Robin
verður	sfg3en	verða
afar	aa	afar
viss	lkensf	viss
um	aa	um
___$SENTENCE_BREAK___
Ted	n----s	Ted
vantar	sfg3en	vanta
mikið	lheosf	mikill
eftir	af	eftir
Brand	n----s	Brand
___$SENTENCE_BREAK___
Bart	n----s	Bart
er	sfg3en	vera
skotinn	lkensf	skotinn
eftir	af	eftir
Kenneth	n----s	Kenneth
___$SENTENCE_BREAK___
Peter	n----s	Peter
er	sfg3en	vera
afar	aa	afar
skotinn	lkensf	skotinn
Brandon	n----s	Brandon
___$SENTENCE_BREAK___
Bart	n----s	Bart
er	sfg3en	vera
skotinn	sþgken	skjóta
af	af	af
Kenneth	n----s	Kenneth
.	pl	.
___$SENTENCE_BREAK___
Lynette	n----s	Lynette
missir	sfg3en	missa
Dorothy	n----s	Dorothy
___$SENTENCE_BREAK___
Brenna	nven-s	Brenna
missir	sfg3en	missa
Samantha	n----s	Samantha
.	pl	.
___$SENTENCE_BREAK___
Samantha	n----s	Samantha
verður	sfg3en	verða
afar	aa	afar
viss	lvensf	viss
um	af	um
Dorothy	n----s	Dorothy
.	pl	.
___$SENTENCE_BREAK___
Dylan	n----s	Dylan
verður	sfg3en	verða
skotin	lvensf	skotinn
af	af	af
Samantha	n----s	Samantha
.	pl	.
___$SENTENCE_BREAK___
Lynette	n----s	Lynette
missir	sfg3en	missa
líka	aa	líka
eftir	af	eftir
Rachel	n----s	Rachel
___$SENTENCE_BREAK___
Lynette	n----s	Lynette
missir	sfg3en	missa
Susan	n----s	Susan
.	pl	.
___$SENTENCE_BREAK___
Georg	nken-s	Georg
verður	sfg3en	verða
afar	aa	afar
inn	aa	inn
í	af	í
Rachel	n----s	Rachel
___$SENTENCE_BREAK___
Robin	n----s	Robin
er	sfg3en	vera
afar	aa	afar
vel	aa	vel
eftir	af	eftir
Susan	n----s	Susan
___$SENTENCE_BREAK___
Tíbetó	nhen-s	Tíbetó
fylgir	sfg3en	fylgja
eftir	af	eftir
Samuel	n----s	Samuel
.	pl	.
___$SENTENCE_BREAK___
María	nven-s	María
á	sfg3en	eiga
samband	nheo	samband
við	af	við
Kristófer	nkeo-s	Kristófer
.	pl	.
___$SENTENCE_BREAK___
Guðrún	nven-s	Guðrún
einbeitti	sfg3eþ	einbeita
sér	fpveþ	sig
um	af	um
Samuel	n----s	Samuel
.	pl	.
___$SENTENCE_BREAK___
Seneca	n----s	Seneca
brást	sfm3eþ	bregða
við	af	við
Kristófer	nkeþ-s	Kristófer
___$SENTENCE_BREAK___
Punchis	n----s	Punchis
missir	sfg3en	missa
eftir	aa	eftir
___$SENTENCE_BREAK___
Holly	n----s	Holly
missir	sfg3en	missa
Bens	n----s	Bens
___$SENTENCE_BREAK___
Holly	n----s	Holly
er	sfg3en	vera
horfin	sþgven	hverfa
um	af	um
Karen	nveo-s	Karen
___$SENTENCE_BREAK___
Karen	nven-s	Karen
verður	sfg3en	verða
illa	aa	illa
fyrir	af	fyrir
Heather	n----s	Heather
.	pl	.
___$SENTENCE_BREAK___
Lynette	n----s	Lynette
missir	sfg3en	missa
Sophie	n----s	Sophie
.	pl	.
___$SENTENCE_BREAK___
Panadona	n----s	Panadona
líðar	sfg3en	líða
eftir	af	eftir
henni	fpveþ	hún
.	pl	.
___$SENTENCE_BREAK___
Tom	n----s	Tom
er	sfg3en	vera
hrifin	x	hrifin
af	af	af
Patricia	n----s	Patricia
.	pl	.
___$SENTENCE_BREAK___
Nancy	n----s	Nancy
er	sfg3en	vera
hrifin	lvensf	hrifinn
af	af	af
___$SENTENCE_BREAK___
Harry	n----s	Harry
missir	sfg3en	missa
Laura	n----s	Laura
.	pl	.
___$SENTENCE_BREAK___
Harry	n----s	Harry
missir	sfg3en	missa
Emily	n----s	Emily
.	pl	.
___$SENTENCE_BREAK___
Ted	n----s	Ted
verður	sfg3en	verða
afar	aa	afar
nálægt	af	nálægt
Lauru	nveþ-s	Laura
___$SENTENCE_BREAK___
Bart	n----s	Bart
verður	sfg3en	verða
afar	aa	afar
interested	e	interested
í	af	í
Emily	n----s	Emily
___$SENTENCE_BREAK___
Charlie	n----s	Charlie
snýr	sfg3en	snúa
eftir	af	eftir
Amanda	n----s	Amanda
.	pl	.
___$SENTENCE_BREAK___
Robin	n----s	Robin
missir	sfg3en	missa
Charlie	n----s	Charlie
.	pl	.
___$SENTENCE_BREAK___
Peter	n----s	Peter
er	sfg3en	vera
hrifinn	lkensf	hrifinn
af	af	af
Amanda	n----s	Amanda
.	pl	.
___$SENTENCE_BREAK___
Amanda	n----s	Amanda
hatar	sfg3en	hata
við	af	við
Daniel	n----s	Daniel
.	pl	.
___$SENTENCE_BREAK___
En	c	en
Raymond	n----s	Raymond
missir	sfg3en	missa
ekkert	foheo	enginn
eftir	aa	eftir
Angela	n----s	Angela
___$SENTENCE_BREAK___
Angela	nven-s	Angela
missir	sfg3en	missa
Raymond	n----s	Raymond
.	pl	.
___$SENTENCE_BREAK___
Raymond	n----s	Raymond
verður	sfg3en	verða
skotinn	sþgken	skjóta
af	af	af
Angela	n----s	Angela
.	pl	.
___$SENTENCE_BREAK___
Angela	nven-s	Angela
verður	sfg3en	verða
alltaf	aa	alltaf
fyrir	af	fyrir
Raymond	n----s	Raymond
.	pl	.
___$SENTENCE_BREAK___
Lynette	n----s	Lynette
missir	sfg3en	missa
Matt	n----s	Matt
.	pl	.
___$SENTENCE_BREAK___
Matthew	n----s	Matthew
missir	sfg3en	missa
Olivia	n----s	Olivia
.	pl	.
___$SENTENCE_BREAK___
Robin	n----s	Robin
er	sfg3en	vera
hrifin	lvensf	hrifinn
Matthew	n----s	Matthew
.	pl	.
___$SENTENCE_BREAK___
Matthew	n----s	Matthew
er	sfg3en	vera
skotin	lvensf	skotinn
af	af	af
William	n----s	William
.	pl	.
___$SENTENCE_BREAK___
Bart	n----s	Bart
missir	sfg3en	missa
eftir	af	eftir
Nicole	n----s	Nicole
.	pl	.
___$SENTENCE_BREAK___
Lynette	n----s	Lynette
missir	sfg3en	missa
líka	aa	líka
eftir	af	eftir
Nancy	n----s	Nancy
___$SENTENCE_BREAK___
Nancy	n----s	Nancy
verður	sfg3en	verða
afar	aa	afar
ann	lkensf	ann
eftir	af	eftir
Nicole	n----s	Nicole
___$SENTENCE_BREAK___
Nancy	n----s	Nancy
er	sfg3en	vera
afar	e	afar
attached	e	attached
við	af	við
Nicole	n----s	Nicole
___$SENTENCE_BREAK___
Hún	fpven	hún
missir	sfg3en	missa
Eric	n----s	Eric
.	pl	.
___$SENTENCE_BREAK___
Robin	n----s	Robin
missir	sfg3en	missa
eftir	af	eftir
James	n----s	James
.	pl	.
___$SENTENCE_BREAK___
Robin	n----s	Robin
erhrifinn	lkensf	erhrifinn
af	af	af
Eric	nkeþ-s	Eric
___$SENTENCE_BREAK___
Hún	fpven	hún
er	sfg3en	vera
hrifin	lvensf	hrifinn
af	af	af
___$SENTENCE_BREAK___
Lynette	n----s	Lynette
missir	sfg3en	missa
Thomas	nken-s	Thomas
.	pl	.
___$SENTENCE_BREAK___
En	c	en
Tom	n----s	Tom
missir	sfg3en	missa
líka	aa	líka
eftir	aa	eftir
Sandra	nven-s	Sandra
___$SENTENCE_BREAK___
Sandra	nven-s	Sandra
er	sfg3en	vera
hrifin	lvensf	hrifinn
af	af	af
Thomas	nkeþ-s	Thomas
.	pl	.
___$SENTENCE_BREAK___
Ted	n----s	Ted
er	sfg3en	vera
hrifinn	lkensf	hrifinn
af	af	af
Sandra	x	Sandra
.	pl	.
___$SENTENCE_BREAK___
Della	n----s	Della
missir	sfg3en	missa
Michelle	n----s	Michelle
.	pl	.
___$SENTENCE_BREAK___
Bart	n----s	Bart
missir	sfg3en	missa
Debra	n----s	Debra
.	pl	.
___$SENTENCE_BREAK___
Bart	n----s	Bart
er	sfg3en	vera
skotinn	sþgken	skjóta
af	aa	af
___$SENTENCE_BREAK___
Bart	n----s	Bart
spyr	sfg3en	spyrja
eftir	af	eftir
Dö	n-eþ-s	Dö
___$SENTENCE_BREAK___
Robin	n----s	Robin
missir	sfg3en	missa
Elizabeth	n----s	Elizabeth
.	pl	.
___$SENTENCE_BREAK___
Liam	n----s	Liam
missir	sfg3en	missa
Amy	n----s	Amy
.	pl	.
___$SENTENCE_BREAK___
Harry	n----s	Harry
spyr	sfg3en	spyrja
eftir	af	eftir
Elizabeth	n----s	Elizabeth
.	pl	.
___$SENTENCE_BREAK___
Elizabeth	n----s	Elizabeth
er	sfg3en	vera
ekki	aa	ekki
viss	lkensf	viss
um	af	um
Amy	n----s	Amy
.	pl	.
___$SENTENCE_BREAK___
Robin	n----s	Robin
missir	sfg3en	missa
John	n----s	John
.	pl	.
___$SENTENCE_BREAK___
Hún	fpven	hún
missir	sfg3en	missa
Mark	n----s	Mark
.	pl	.
___$SENTENCE_BREAK___
Hún	fpven	hún
er	sfg3en	vera
hrifin	lvensf	hrifinn
af	af	af
___$SENTENCE_BREAK___
Robin	n----s	Robin
er	sfg3en	vera
hrifin	lvensf	hrifinn
af	af	af
___$SENTENCE_BREAK___
Ginleigh	n----s	Ginleigh
missir	sfg3en	missa
alltaf	aa	alltaf
eftir	af	eftir
Richard	n----s	Richard
___$SENTENCE_BREAK___
Ted	n----s	Ted
missir	sfg3en	missa
Kimberly	n----s	Kimberly
.	pl	.
___$SENTENCE_BREAK___
Blair	n----s	Blair
er	sfg3en	vera
hrifin	lvensf	hrifinn
af	af	af
Richard	n----s	Richard
___$SENTENCE_BREAK___
Harry	n----s	Harry
verður	sfg3en	verða
afar	aa	afar
skotinn	lkensf	skotinn
Kimber	n----s	Kimber
___$SENTENCE_BREAK___
Harry	n----s	Harry
missir	sfg3en	missa
eftir	af	eftir
Rebecca	n----s	Rebecca
.	pl	.
___$SENTENCE_BREAK___
Ted	n----s	Ted
missir	sfg3en	missa
alltaf	aa	alltaf
eftir	af	eftir
Sophie	n----s	Sophie
.	pl	.
___$SENTENCE_BREAK___
Bart	n----s	Bart
erhrifinn	lkensf	erhrifinn
af	af	af
Rebecca	n----s	Rebecca
.	pl	.
___$SENTENCE_BREAK___
Rebecca	n----s	Rebecca
er	sfg3en	vera
afar	aa	afar
ánægð	lvensf	ánægður
fyrir	af	fyrir
Anthony	n----s	Anthony
.	pl	.
___$SENTENCE_BREAK___
Joey	n----s	Joey
missir	sfg3en	missa
Maríu	nveo-s	María
___$SENTENCE_BREAK___
Sasha	n----s	Sasha
missir	sfg3en	missa
Sophie	n----s	Sophie
.	pl	.
___$SENTENCE_BREAK___
Louis	n----s	Louis
er	sfg3en	vera
skotinn	sþgken	skjóta
af	af	af
Maríu	nveþ-s	María
___$SENTENCE_BREAK___
Maria	n----s	Maria
er	sfg3en	vera
afar	aa	afar
alein	lvensf	aleinn
Joshua	n----s	Joshua
.	pl	.
___$SENTENCE_BREAK___
Alexa	nven-s	Alexa
missir	sfg3en	missa
líka	aa	líka
eftir	af	eftir
Alexander	nkeo-s	Alexander
.	pl	.
___$SENTENCE_BREAK___
En	c	en
Alexander	nken-s	Alexander
missir	sfg3en	missa
Jessicu	nveo-s	Jessica
.	pl	.
___$SENTENCE_BREAK___
Alex	nken-s	Alex
er	sfg3en	vera
skotinn	sþgken	skjóta
af	af	af
Lily	n----s	Lily
.	pl	.
___$SENTENCE_BREAK___
Alexander	nken-s	Alexander
er	sfg3en	vera
skotinn	sþgken	skjóta
af	af	af
Jessicu	n----s	Jessicu
.	pl	.
___$SENTENCE_BREAK___
Sasha	n----s	Sasha
missir	sfg3en	missa
Jeffrey	n----s	Jeffrey
.	pl	.
___$SENTENCE_BREAK___
Robin	n----s	Robin
er	sfg3en	vera
alein	lvensf	aleinn
eftir	af	eftir
Donald	n----s	Donald
.	pl	.
___$SENTENCE_BREAK___
Robin	n----s	Robin
er	sfg3en	vera
hrifinn	lkensf	hrifinn
af	af	af
Jeffrey	n----s	Jeffrey
.	pl	.
___$SENTENCE_BREAK___
Jeffrey	n----s	Jeffrey
er	sfg3en	vera
hrifinn	lkensf	hrifinn
af	af	af
___$SENTENCE_BREAK___
En	c	en
Edward	n----s	Edward
missir	sfg3en	missa
Lisa	n----s	Lisa
.	pl	.
___$SENTENCE_BREAK___
Lisa	n----s	Lisa
missir	sfg3en	missa
Edward	n----s	Edward
.	pl	.
___$SENTENCE_BREAK___
Edward	n----s	Edward
er	sfg3en	vera
hrifinn	lkensf	hrifinn
af	af	af
Lisa	n----s	Lisa
___$SENTENCE_BREAK___
Lisa	n----s	Lisa
er	sfg3en	vera
ekki	aa	ekki
viss	lvensf	viss
um	af	um
Edward	n----s	Edward
.	pl	.
___$SENTENCE_BREAK___
Robin	n----s	Robin
missir	sfg3en	missa
eftir	af	eftir
Ted	n----s	Ted
.	pl	.
___$SENTENCE_BREAK___
Robin	n----s	Robin
missir	sfg3en	missa
eftir	af	eftir
Scott	n----s	Scott
.	pl	.
___$SENTENCE_BREAK___
Harry	n----s	Harry
er	sfg3en	vera
hrifinn	lkensf	hrifinn
___$SENTENCE_BREAK___
Nancy	n----s	Nancy
er	sfg3en	vera
hrifin	lvensf	hrifinn
___$SENTENCE_BREAK___
Anna	nven-s	Anna
missir	sfg3en	missa
líka	aa	líka
eftir	af	eftir
Jerry	n----s	Jerry
.	pl	.
___$SENTENCE_BREAK___
En	c	en
Tom	n----s	Tom
missir	sfg3en	missa
líka	aa	líka
eftir	aa	eftir
Anna	x	Anna
___$SENTENCE_BREAK___
Anna	nven-s	Anna
er	sfg3en	vera
skotin	lvensf	skotinn
af	af	af
Jerry	n----s	Jerry
___$SENTENCE_BREAK___
Harry	n----s	Harry
er	sfg3en	vera
hrifinn	lkensf	hrifinn
af	af	af
___$SENTENCE_BREAK___
En	c	en
Larry	n----s	Larry
miss	e	miss
___$SENTENCE_BREAK___
Kathleen	n----s	Kathleen
___$SENTENCE_BREAK___
Larry	n----s	Larry
er	sfg3en	vera
hrifinn	lkensf	hrifinn
af	af	af
Kat	n----s	Kat
___$SENTENCE_BREAK___
Kathleen	n----s	Kathleen
verður	sfg3en	verða
alltaf	aa	alltaf
fyrir	af	fyrir
Larry	n----s	Larry
___$SENTENCE_BREAK___
Holly	n----s	Holly
missir	sfg3en	missa
líka	aa	líka
eftir	aa	eftir
___$SENTENCE_BREAK___
Ashley	n----s	Ashley
misses	e	misses
Cynthia	n----s	Cynthia
___$SENTENCE_BREAK___
Tom	n----s	Tom
er	sfg3en	vera
afar	aa	afar
skot	nhen	skot
___$SENTENCE_BREAK___
Serena	n----s	Serena
verður	sfg3en	verða
hrædd	lvensf	hræddur
___$SENTENCE_BREAK___
Lynette	n----s	Lynette
missir	sfg3en	missa
Sally	n----s	Sally
.	pl	.
___$SENTENCE_BREAK___
Sidsey	n----s	Sidsey
missir	sfg3en	missa
Melissa	n----s	Melissa
.	pl	.
___$SENTENCE_BREAK___
Melissa	nven-s	Melissa
er	sfg3en	vera
hrifin	lvensf	hrifinn
af	af	af
Rachel	n----s	Rachel
___$SENTENCE_BREAK___
Carl	n----s	Carl
er	sfg3en	vera
skotinn	sþgken	skjóta
af	af	af
Melissa	n----s	Melissa
.	pl	.
___$SENTENCE_BREAK___
En	c	en
hann	fpken	hann
missir	sfg3en	missa
enn	aa	enn
eftir	af	eftir
Margaret	nveo-s	Margaret
___$SENTENCE_BREAK___
Margareta	nven-s	Margareta
missir	sfg3en	missa
eftir	af	eftir
Nicholas	n----s	Nicholas
.	pl	.
___$SENTENCE_BREAK___
Peter	n----s	Peter
verður	sfg3en	verða
afar	aa	afar
skotinn	lkensf	skotinn
Margaret	nveþ-s	Margaret
.	pl	.
___$SENTENCE_BREAK___
Margaret	nven-s	Margaret
verður	sfg3en	verða
afar	aa	afar
á	aa	á
eftir	af	eftir
Nicholas	n----s	Nicholas
.	pl	.
___$SENTENCE_BREAK___
Lynette	n----s	Lynette
missir	sfg3en	missa
Ben	n----s	Ben
.	pl	.
___$SENTENCE_BREAK___
Robin	n----s	Robin
missers	x	missers
Gregory	n----s	Gregory
.	pl	.
___$SENTENCE_BREAK___
Gregory	n----s	Gregory
verður	sfg3en	verða
afar	aa	afar
nálægt	af	nálægt
Benjamin	n----s	Benjamin
.	pl	.
___$SENTENCE_BREAK___
Benjamin	n----s	Benjamin
verður	sfg3en	verða
horfinn	sþgken	hverfa
um	af	um
Gregory	n----s	Gregory
.	pl	.
___$SENTENCE_BREAK___
Lynette	n----s	Lynette
missir	sfg3en	missa
ekkert	foheo	enginn
eftir	af	eftir
Paul	n----s	Paul
.	pl	.
___$SENTENCE_BREAK___
Bart	n----s	Bart
er	sfg3en	vera
missir	nken	missir
eftir	af	eftir
Christine	n----s	Christine
.	pl	.
___$SENTENCE_BREAK___
Christine	n----s	Christine
er	sfg3en	vera
afar	aa	afar
skotin	lvensf	skotinn
Paul	n----s	Paul
.	pl	.
___$SENTENCE_BREAK___
Bart	n----s	Bart
er	sfg3en	vera
hrifinn	lkensf	hrifinn
af	af	af
Christine	n----s	Christine
.	pl	.
___$SENTENCE_BREAK___
Lynette	n----s	Lynette
missir	sfg3en	missa
Steven	n----s	Steven
___$SENTENCE_BREAK___
Harry	n----s	Harry
Potter	n----s	Potter
missir	sfg3en	missa
Neslu	nveo-s	Nesla
___$SENTENCE_BREAK___
Pam	e	Pam
verður	sfg3en	verða
afar	aa	afar
skotin	lvensf	skotinn
Ted	n----s	Ted
.	pl	.
___$SENTENCE_BREAK___
Peter	n----s	Peter
er	sfg3en	vera
hrifinn	lkensf	hrifinn
af	af	af
Kay	n----s	Kay
___$SENTENCE_BREAK___
Og	c	og
Justin	n----s	Justin
missir	sfg3en	missa
Debora	n----s	Debora
___$SENTENCE_BREAK___
Hilary	n----s	Hilary
missir	sfg3en	missa
mikið	aa	mikið
eftir	aa	eftir
___$SENTENCE_BREAK___
Justin	n----s	Justin
er	sfg3en	vera
hrifinn	lkensf	hrifinn
af	af	af
De	n----s	De
___$SENTENCE_BREAK___
Rebecca	n----s	Rebecca
er	sfg3en	vera
hrifin	lvensf	hrifinn
af	af	af
Justin	n----s	Justin
___$SENTENCE_BREAK___